{"/Users/jpark9061/Desktop/CPEN_321/CommUnity (org)/backend/user_microservice/httpCodes.js": {"path":"/Users/jpark9061/Desktop/CPEN_321/CommUnity (org)/backend/user_microservice/httpCodes.js","statementMap":{"0":{"start":{"line":1,"column":0},"end":{"line":8,"column":1}}},"fnMap":{},"branchMap":{},"s":{"0":1},"f":{},"b":{},"_coverageSchema":"1a1c01bbd47fc00a2c39e90264f33305004495a9","hash":"dea192354df27ff23d6bb9fa036b918da637ff79"}
,"/Users/jpark9061/Desktop/CPEN_321/CommUnity (org)/backend/user_microservice/index.js": {"path":"/Users/jpark9061/Desktop/CPEN_321/CommUnity (org)/backend/user_microservice/index.js","statementMap":{"0":{"start":{"line":1,"column":16},"end":{"line":1,"column":34}},"1":{"start":{"line":2,"column":15},"end":{"line":2,"column":34}},"2":{"start":{"line":3,"column":11},"end":{"line":3,"column":30}},"3":{"start":{"line":4,"column":15},"end":{"line":4,"column":32}},"4":{"start":{"line":5,"column":25},"end":{"line":5,"column":55}},"5":{"start":{"line":6,"column":25},"end":{"line":6,"column":47}},"6":{"start":{"line":7,"column":17},"end":{"line":7,"column":61}},"7":{"start":{"line":9,"column":0},"end":{"line":9,"column":40}},"8":{"start":{"line":10,"column":0},"end":{"line":10,"column":16}},"9":{"start":{"line":13,"column":15},"end":{"line":13,"column":54}},"10":{"start":{"line":16,"column":17},"end":{"line":19,"column":4}},"11":{"start":{"line":20,"column":18},"end":{"line":20,"column":37}},"12":{"start":{"line":21,"column":17},"end":{"line":21,"column":31}},"13":{"start":{"line":22,"column":2},"end":{"line":22,"column":16}},"14":{"start":{"line":25,"column":12},"end":{"line":25,"column":21}},"15":{"start":{"line":27,"column":0},"end":{"line":27,"column":24}},"16":{"start":{"line":28,"column":0},"end":{"line":43,"column":3}},"17":{"start":{"line":29,"column":14},"end":{"line":29,"column":34}},"18":{"start":{"line":30,"column":2},"end":{"line":42,"column":3}},"19":{"start":{"line":31,"column":4},"end":{"line":31,"column":38}},"20":{"start":{"line":32,"column":4},"end":{"line":32,"column":11}},"21":{"start":{"line":34,"column":4},"end":{"line":41,"column":5}},"22":{"start":{"line":35,"column":19},"end":{"line":35,"column":38}},"23":{"start":{"line":36,"column":6},"end":{"line":36,"column":34}},"24":{"start":{"line":37,"column":6},"end":{"line":37,"column":13}},"25":{"start":{"line":39,"column":6},"end":{"line":39,"column":23}},"26":{"start":{"line":40,"column":6},"end":{"line":40,"column":53}},"27":{"start":{"line":44,"column":0},"end":{"line":44,"column":16}},"28":{"start":{"line":47,"column":0},"end":{"line":54,"column":1}},"29":{"start":{"line":48,"column":2},"end":{"line":48,"column":22}},"30":{"start":{"line":50,"column":15},"end":{"line":50,"column":39}},"31":{"start":{"line":51,"column":2},"end":{"line":53,"column":5}},"32":{"start":{"line":52,"column":4},"end":{"line":52,"column":54}},"33":{"start":{"line":56,"column":0},"end":{"line":56,"column":21}}},"fnMap":{"0":{"name":"verify","decl":{"start":{"line":15,"column":15},"end":{"line":15,"column":21}},"loc":{"start":{"line":15,"column":29},"end":{"line":23,"column":1}},"line":15},"1":{"name":"(anonymous_1)","decl":{"start":{"line":28,"column":8},"end":{"line":28,"column":9}},"loc":{"start":{"line":28,"column":34},"end":{"line":43,"column":1}},"line":28},"2":{"name":"(anonymous_2)","decl":{"start":{"line":51,"column":19},"end":{"line":51,"column":20}},"loc":{"start":{"line":51,"column":25},"end":{"line":53,"column":3}},"line":51}},"branchMap":{"0":{"loc":{"start":{"line":30,"column":2},"end":{"line":42,"column":3}},"type":"if","locations":[{"start":{"line":30,"column":2},"end":{"line":42,"column":3}},{"start":{"line":33,"column":9},"end":{"line":42,"column":3}}],"line":30},"1":{"loc":{"start":{"line":30,"column":6},"end":{"line":30,"column":36}},"type":"binary-expr","locations":[{"start":{"line":30,"column":6},"end":{"line":30,"column":14}},{"start":{"line":30,"column":18},"end":{"line":30,"column":36}}],"line":30},"2":{"loc":{"start":{"line":47,"column":0},"end":{"line":54,"column":1}},"type":"if","locations":[{"start":{"line":47,"column":0},"end":{"line":54,"column":1}},{"start":{},"end":{}}],"line":47},"3":{"loc":{"start":{"line":50,"column":15},"end":{"line":50,"column":39}},"type":"binary-expr","locations":[{"start":{"line":50,"column":15},"end":{"line":50,"column":31}},{"start":{"line":50,"column":35},"end":{"line":50,"column":39}}],"line":50}},"s":{"0":1,"1":1,"2":1,"3":1,"4":1,"5":1,"6":1,"7":1,"8":1,"9":1,"10":0,"11":0,"12":0,"13":0,"14":1,"15":1,"16":1,"17":10,"18":10,"19":10,"20":10,"21":0,"22":0,"23":0,"24":0,"25":0,"26":0,"27":1,"28":1,"29":0,"30":0,"31":0,"32":0,"33":1},"f":{"0":0,"1":10,"2":0},"b":{"0":[10,0],"1":[10,10],"2":[0,1],"3":[0,0]},"_coverageSchema":"1a1c01bbd47fc00a2c39e90264f33305004495a9","hash":"91cdf08d753065c6a4d1c54dfd1ffa112eb98c4e"}
,"/Users/jpark9061/Desktop/CPEN_321/CommUnity (org)/backend/user_microservice/routes.js": {"path":"/Users/jpark9061/Desktop/CPEN_321/CommUnity (org)/backend/user_microservice/routes.js","statementMap":{"0":{"start":{"line":1,"column":15},"end":{"line":1,"column":48}},"1":{"start":{"line":2,"column":54},"end":{"line":2,"column":100}},"2":{"start":{"line":3,"column":101},"end":{"line":3,"column":140}},"3":{"start":{"line":5,"column":15},"end":{"line":5,"column":23}},"4":{"start":{"line":8,"column":0},"end":{"line":8,"column":37}},"5":{"start":{"line":9,"column":0},"end":{"line":9,"column":53}},"6":{"start":{"line":10,"column":0},"end":{"line":10,"column":33}},"7":{"start":{"line":11,"column":0},"end":{"line":11,"column":32}},"8":{"start":{"line":12,"column":0},"end":{"line":12,"column":70}},"9":{"start":{"line":15,"column":0},"end":{"line":15,"column":41}},"10":{"start":{"line":16,"column":0},"end":{"line":16,"column":41}},"11":{"start":{"line":17,"column":0},"end":{"line":17,"column":36}},"12":{"start":{"line":20,"column":0},"end":{"line":20,"column":42}},"13":{"start":{"line":22,"column":0},"end":{"line":22,"column":24}}},"fnMap":{},"branchMap":{},"s":{"0":1,"1":1,"2":1,"3":1,"4":1,"5":1,"6":1,"7":1,"8":1,"9":1,"10":1,"11":1,"12":1,"13":1},"f":{},"b":{},"_coverageSchema":"1a1c01bbd47fc00a2c39e90264f33305004495a9","hash":"3f432cbc9aefead02d0363fe58bb8242082a0520"}
,"/Users/jpark9061/Desktop/CPEN_321/CommUnity (org)/backend/user_microservice/controllers/dietaryRestrictionController.js": {"path":"/Users/jpark9061/Desktop/CPEN_321/CommUnity (org)/backend/user_microservice/controllers/dietaryRestrictionController.js","statementMap":{"0":{"start":{"line":1,"column":31},"end":{"line":1,"column":51}},"1":{"start":{"line":2,"column":34},"end":{"line":2,"column":57}},"2":{"start":{"line":4,"column":35},"end":{"line":18,"column":1}},"3":{"start":{"line":5,"column":2},"end":{"line":17,"column":3}},"4":{"start":{"line":7,"column":23},"end":{"line":11,"column":6}},"5":{"start":{"line":12,"column":4},"end":{"line":12,"column":30}},"6":{"start":{"line":14,"column":4},"end":{"line":14,"column":27}},"7":{"start":{"line":16,"column":4},"end":{"line":16,"column":42}},"8":{"start":{"line":20,"column":33},"end":{"line":35,"column":1}},"9":{"start":{"line":21,"column":17},"end":{"line":21,"column":32}},"10":{"start":{"line":22,"column":15},"end":{"line":22,"column":28}},"11":{"start":{"line":23,"column":2},"end":{"line":34,"column":3}},"12":{"start":{"line":24,"column":4},"end":{"line":24,"column":34}},"13":{"start":{"line":25,"column":29},"end":{"line":28,"column":6}},"14":{"start":{"line":29,"column":4},"end":{"line":29,"column":36}},"15":{"start":{"line":31,"column":4},"end":{"line":31,"column":44}},"16":{"start":{"line":33,"column":4},"end":{"line":33,"column":42}},"17":{"start":{"line":38,"column":33},"end":{"line":51,"column":1}},"18":{"start":{"line":39,"column":2},"end":{"line":50,"column":3}},"19":{"start":{"line":40,"column":15},"end":{"line":40,"column":26}},"20":{"start":{"line":41,"column":4},"end":{"line":41,"column":20}},"21":{"start":{"line":42,"column":18},"end":{"line":44,"column":6}},"22":{"start":{"line":46,"column":4},"end":{"line":46,"column":24}},"23":{"start":{"line":48,"column":4},"end":{"line":48,"column":21}},"24":{"start":{"line":49,"column":4},"end":{"line":49,"column":42}},"25":{"start":{"line":54,"column":0},"end":{"line":58,"column":1}}},"fnMap":{"0":{"name":"(anonymous_0)","decl":{"start":{"line":4,"column":35},"end":{"line":4,"column":36}},"loc":{"start":{"line":4,"column":55},"end":{"line":18,"column":1}},"line":4},"1":{"name":"(anonymous_1)","decl":{"start":{"line":20,"column":33},"end":{"line":20,"column":34}},"loc":{"start":{"line":20,"column":53},"end":{"line":35,"column":1}},"line":20},"2":{"name":"(anonymous_2)","decl":{"start":{"line":38,"column":33},"end":{"line":38,"column":34}},"loc":{"start":{"line":38,"column":53},"end":{"line":51,"column":1}},"line":38}},"branchMap":{"0":{"loc":{"start":{"line":5,"column":2},"end":{"line":17,"column":3}},"type":"if","locations":[{"start":{"line":5,"column":2},"end":{"line":17,"column":3}},{"start":{"line":15,"column":9},"end":{"line":17,"column":3}}],"line":5},"1":{"loc":{"start":{"line":23,"column":2},"end":{"line":34,"column":3}},"type":"if","locations":[{"start":{"line":23,"column":2},"end":{"line":34,"column":3}},{"start":{"line":32,"column":9},"end":{"line":34,"column":3}}],"line":23},"2":{"loc":{"start":{"line":23,"column":6},"end":{"line":23,"column":20}},"type":"binary-expr","locations":[{"start":{"line":23,"column":6},"end":{"line":23,"column":12}},{"start":{"line":23,"column":16},"end":{"line":23,"column":20}}],"line":23},"3":{"loc":{"start":{"line":39,"column":2},"end":{"line":50,"column":3}},"type":"if","locations":[{"start":{"line":39,"column":2},"end":{"line":50,"column":3}},{"start":{"line":47,"column":7},"end":{"line":50,"column":3}}],"line":39}},"s":{"0":0,"1":0,"2":0,"3":0,"4":0,"5":0,"6":0,"7":0,"8":0,"9":0,"10":0,"11":0,"12":0,"13":0,"14":0,"15":0,"16":0,"17":0,"18":0,"19":0,"20":0,"21":0,"22":0,"23":0,"24":0,"25":0},"f":{"0":0,"1":0,"2":0},"b":{"0":[0,0],"1":[0,0],"2":[0,0],"3":[0,0]}}
,"/Users/jpark9061/Desktop/CPEN_321/CommUnity (org)/backend/user_microservice/controllers/leaderboardController.js": {"path":"/Users/jpark9061/Desktop/CPEN_321/CommUnity (org)/backend/user_microservice/controllers/leaderboardController.js","statementMap":{"0":{"start":{"line":1,"column":15},"end":{"line":1,"column":35}},"1":{"start":{"line":2,"column":30},"end":{"line":2,"column":50}},"2":{"start":{"line":3,"column":34},"end":{"line":3,"column":57}},"3":{"start":{"line":5,"column":21},"end":{"line":33,"column":1}},"4":{"start":{"line":6,"column":3},"end":{"line":32,"column":4}},"5":{"start":{"line":7,"column":18},"end":{"line":7,"column":30}},"6":{"start":{"line":8,"column":25},"end":{"line":11,"column":10}},"7":{"start":{"line":13,"column":34},"end":{"line":27,"column":11}},"8":{"start":{"line":14,"column":12},"end":{"line":14,"column":35}},"9":{"start":{"line":15,"column":25},"end":{"line":17,"column":14}},"10":{"start":{"line":18,"column":30},"end":{"line":25,"column":13}},"11":{"start":{"line":26,"column":12},"end":{"line":26,"column":29}},"12":{"start":{"line":28,"column":7},"end":{"line":28,"column":47}},"13":{"start":{"line":30,"column":7},"end":{"line":30,"column":48}},"14":{"start":{"line":31,"column":7},"end":{"line":31,"column":45}},"15":{"start":{"line":38,"column":20},"end":{"line":56,"column":1}},"16":{"start":{"line":39,"column":20},"end":{"line":39,"column":37}},"17":{"start":{"line":40,"column":4},"end":{"line":55,"column":5}},"18":{"start":{"line":41,"column":21},"end":{"line":43,"column":10}},"19":{"start":{"line":45,"column":8},"end":{"line":45,"column":26}},"20":{"start":{"line":47,"column":35},"end":{"line":49,"column":10}},"21":{"start":{"line":50,"column":21},"end":{"line":50,"column":46}},"22":{"start":{"line":51,"column":8},"end":{"line":51,"column":39}},"23":{"start":{"line":53,"column":8},"end":{"line":53,"column":47}},"24":{"start":{"line":54,"column":8},"end":{"line":54,"column":46}},"25":{"start":{"line":58,"column":25},"end":{"line":88,"column":1}},"26":{"start":{"line":59,"column":4},"end":{"line":87,"column":5}},"27":{"start":{"line":60,"column":32},"end":{"line":62,"column":10}},"28":{"start":{"line":63,"column":35},"end":{"line":63,"column":58}},"29":{"start":{"line":64,"column":8},"end":{"line":64,"column":37}},"30":{"start":{"line":65,"column":8},"end":{"line":82,"column":9}},"31":{"start":{"line":66,"column":34},"end":{"line":66,"column":84}},"32":{"start":{"line":67,"column":36},"end":{"line":67,"column":90}},"33":{"start":{"line":68,"column":26},"end":{"line":68,"column":69}},"34":{"start":{"line":70,"column":12},"end":{"line":74,"column":38}},"35":{"start":{"line":76,"column":12},"end":{"line":81,"column":15}},"36":{"start":{"line":83,"column":8},"end":{"line":83,"column":20}},"37":{"start":{"line":85,"column":8},"end":{"line":85,"column":59}},"38":{"start":{"line":86,"column":8},"end":{"line":86,"column":21}},"39":{"start":{"line":90,"column":23},"end":{"line":97,"column":1}},"40":{"start":{"line":91,"column":19},"end":{"line":91,"column":45}},"41":{"start":{"line":92,"column":4},"end":{"line":96,"column":5}},"42":{"start":{"line":93,"column":8},"end":{"line":93,"column":28}},"43":{"start":{"line":95,"column":8},"end":{"line":95,"column":46}},"44":{"start":{"line":99,"column":0},"end":{"line":104,"column":2}}},"fnMap":{"0":{"name":"(anonymous_0)","decl":{"start":{"line":5,"column":21},"end":{"line":5,"column":22}},"loc":{"start":{"line":5,"column":41},"end":{"line":33,"column":1}},"line":5},"1":{"name":"(anonymous_1)","decl":{"start":{"line":13,"column":65},"end":{"line":13,"column":66}},"loc":{"start":{"line":13,"column":84},"end":{"line":27,"column":9}},"line":13},"2":{"name":"(anonymous_2)","decl":{"start":{"line":38,"column":20},"end":{"line":38,"column":21}},"loc":{"start":{"line":38,"column":40},"end":{"line":56,"column":1}},"line":38},"3":{"name":"(anonymous_3)","decl":{"start":{"line":58,"column":25},"end":{"line":58,"column":26}},"loc":{"start":{"line":58,"column":73},"end":{"line":88,"column":1}},"line":58},"4":{"name":"(anonymous_4)","decl":{"start":{"line":90,"column":23},"end":{"line":90,"column":24}},"loc":{"start":{"line":90,"column":43},"end":{"line":97,"column":1}},"line":90}},"branchMap":{"0":{"loc":{"start":{"line":6,"column":3},"end":{"line":32,"column":4}},"type":"if","locations":[{"start":{"line":6,"column":3},"end":{"line":32,"column":4}},{"start":{"line":29,"column":10},"end":{"line":32,"column":4}}],"line":6},"1":{"loc":{"start":{"line":40,"column":4},"end":{"line":55,"column":5}},"type":"if","locations":[{"start":{"line":40,"column":4},"end":{"line":55,"column":5}},{"start":{"line":52,"column":11},"end":{"line":55,"column":5}}],"line":40},"2":{"loc":{"start":{"line":59,"column":4},"end":{"line":87,"column":5}},"type":"if","locations":[{"start":{"line":59,"column":4},"end":{"line":87,"column":5}},{"start":{"line":84,"column":11},"end":{"line":87,"column":5}}],"line":59},"3":{"loc":{"start":{"line":65,"column":8},"end":{"line":82,"column":9}},"type":"if","locations":[{"start":{"line":65,"column":8},"end":{"line":82,"column":9}},{"start":{"line":75,"column":15},"end":{"line":82,"column":9}}],"line":65},"4":{"loc":{"start":{"line":92,"column":4},"end":{"line":96,"column":5}},"type":"if","locations":[{"start":{"line":92,"column":4},"end":{"line":96,"column":5}},{"start":{"line":94,"column":11},"end":{"line":96,"column":5}}],"line":92}},"s":{"0":1,"1":1,"2":1,"3":1,"4":0,"5":0,"6":0,"7":0,"8":0,"9":0,"10":0,"11":0,"12":0,"13":0,"14":0,"15":1,"16":0,"17":0,"18":0,"19":0,"20":0,"21":0,"22":0,"23":0,"24":0,"25":1,"26":0,"27":0,"28":0,"29":0,"30":0,"31":0,"32":0,"33":0,"34":0,"35":0,"36":0,"37":0,"38":0,"39":1,"40":0,"41":0,"42":0,"43":0,"44":1},"f":{"0":0,"1":0,"2":0,"3":0,"4":0},"b":{"0":[0,0],"1":[0,0],"2":[0,0],"3":[0,0],"4":[0,0]},"_coverageSchema":"1a1c01bbd47fc00a2c39e90264f33305004495a9","hash":"07f6d3bfeb809ff478dde7399f5a2dd6973492ee"}
,"/Users/jpark9061/Desktop/CPEN_321/CommUnity (org)/backend/user_microservice/controllers/userController.js": {"path":"/Users/jpark9061/Desktop/CPEN_321/CommUnity (org)/backend/user_microservice/controllers/userController.js","statementMap":{"0":{"start":{"line":1,"column":29},"end":{"line":1,"column":49}},"1":{"start":{"line":2,"column":14},"end":{"line":2,"column":30}},"2":{"start":{"line":10,"column":4},"end":{"line":10,"column":27}},"3":{"start":{"line":12,"column":20},"end":{"line":24,"column":1}},"4":{"start":{"line":13,"column":17},"end":{"line":15,"column":3}},"5":{"start":{"line":16,"column":2},"end":{"line":23,"column":3}},"6":{"start":{"line":17,"column":20},"end":{"line":17,"column":71}},"7":{"start":{"line":18,"column":4},"end":{"line":20,"column":5}},"8":{"start":{"line":19,"column":6},"end":{"line":19,"column":63}},"9":{"start":{"line":22,"column":4},"end":{"line":22,"column":37}},"10":{"start":{"line":26,"column":16},"end":{"line":37,"column":1}},"11":{"start":{"line":27,"column":17},"end":{"line":27,"column":34}},"12":{"start":{"line":28,"column":19},"end":{"line":30,"column":4}},"13":{"start":{"line":31,"column":2},"end":{"line":36,"column":3}},"14":{"start":{"line":32,"column":4},"end":{"line":32,"column":33}},"15":{"start":{"line":34,"column":4},"end":{"line":34,"column":38}},"16":{"start":{"line":35,"column":4},"end":{"line":35,"column":42}},"17":{"start":{"line":39,"column":29},"end":{"line":54,"column":1}},"18":{"start":{"line":40,"column":19},"end":{"line":40,"column":37}},"19":{"start":{"line":41,"column":17},"end":{"line":41,"column":44}},"20":{"start":{"line":42,"column":4},"end":{"line":46,"column":5}},"21":{"start":{"line":43,"column":6},"end":{"line":43,"column":38}},"22":{"start":{"line":44,"column":6},"end":{"line":44,"column":61}},"23":{"start":{"line":45,"column":6},"end":{"line":45,"column":13}},"24":{"start":{"line":47,"column":25},"end":{"line":51,"column":6}},"25":{"start":{"line":52,"column":4},"end":{"line":52,"column":35}},"26":{"start":{"line":53,"column":4},"end":{"line":53,"column":41}},"27":{"start":{"line":56,"column":29},"end":{"line":68,"column":1}},"28":{"start":{"line":57,"column":2},"end":{"line":57,"column":34}},"29":{"start":{"line":58,"column":2},"end":{"line":67,"column":3}},"30":{"start":{"line":59,"column":25},"end":{"line":59,"column":48}},"31":{"start":{"line":60,"column":20},"end":{"line":62,"column":6}},"32":{"start":{"line":63,"column":4},"end":{"line":63,"column":26}},"33":{"start":{"line":65,"column":4},"end":{"line":65,"column":61}},"34":{"start":{"line":66,"column":4},"end":{"line":66,"column":42}},"35":{"start":{"line":70,"column":19},"end":{"line":99,"column":1}},"36":{"start":{"line":71,"column":23},"end":{"line":71,"column":129}},"37":{"start":{"line":72,"column":21},"end":{"line":72,"column":84}},"38":{"start":{"line":73,"column":26},"end":{"line":73,"column":66}},"39":{"start":{"line":74,"column":2},"end":{"line":98,"column":3}},"40":{"start":{"line":75,"column":21},"end":{"line":86,"column":5}},"41":{"start":{"line":88,"column":4},"end":{"line":93,"column":7}},"42":{"start":{"line":95,"column":4},"end":{"line":95,"column":34}},"43":{"start":{"line":97,"column":4},"end":{"line":97,"column":32}},"44":{"start":{"line":101,"column":19},"end":{"line":127,"column":1}},"45":{"start":{"line":102,"column":23},"end":{"line":102,"column":129}},"46":{"start":{"line":103,"column":21},"end":{"line":103,"column":84}},"47":{"start":{"line":104,"column":26},"end":{"line":104,"column":66}},"48":{"start":{"line":105,"column":2},"end":{"line":126,"column":3}},"49":{"start":{"line":106,"column":21},"end":{"line":122,"column":5}},"50":{"start":{"line":123,"column":4},"end":{"line":123,"column":39}},"51":{"start":{"line":125,"column":4},"end":{"line":125,"column":32}},"52":{"start":{"line":129,"column":0},"end":{"line":136,"column":2}}},"fnMap":{"0":{"name":"(anonymous_0)","decl":{"start":{"line":12,"column":20},"end":{"line":12,"column":21}},"loc":{"start":{"line":12,"column":40},"end":{"line":24,"column":1}},"line":12},"1":{"name":"(anonymous_1)","decl":{"start":{"line":26,"column":16},"end":{"line":26,"column":17}},"loc":{"start":{"line":26,"column":36},"end":{"line":37,"column":1}},"line":26},"2":{"name":"(anonymous_2)","decl":{"start":{"line":39,"column":29},"end":{"line":39,"column":30}},"loc":{"start":{"line":39,"column":49},"end":{"line":54,"column":1}},"line":39},"3":{"name":"(anonymous_3)","decl":{"start":{"line":56,"column":29},"end":{"line":56,"column":30}},"loc":{"start":{"line":56,"column":49},"end":{"line":68,"column":1}},"line":56},"4":{"name":"(anonymous_4)","decl":{"start":{"line":70,"column":19},"end":{"line":70,"column":20}},"loc":{"start":{"line":70,"column":39},"end":{"line":99,"column":1}},"line":70},"5":{"name":"(anonymous_5)","decl":{"start":{"line":101,"column":19},"end":{"line":101,"column":20}},"loc":{"start":{"line":101,"column":39},"end":{"line":127,"column":1}},"line":101}},"branchMap":{"0":{"loc":{"start":{"line":16,"column":2},"end":{"line":23,"column":3}},"type":"if","locations":[{"start":{"line":16,"column":2},"end":{"line":23,"column":3}},{"start":{"line":21,"column":9},"end":{"line":23,"column":3}}],"line":16},"1":{"loc":{"start":{"line":18,"column":4},"end":{"line":20,"column":5}},"type":"if","locations":[{"start":{"line":18,"column":4},"end":{"line":20,"column":5}},{"start":{},"end":{}}],"line":18},"2":{"loc":{"start":{"line":31,"column":2},"end":{"line":36,"column":3}},"type":"if","locations":[{"start":{"line":31,"column":2},"end":{"line":36,"column":3}},{"start":{"line":33,"column":9},"end":{"line":36,"column":3}}],"line":31},"3":{"loc":{"start":{"line":42,"column":4},"end":{"line":46,"column":5}},"type":"if","locations":[{"start":{"line":42,"column":4},"end":{"line":46,"column":5}},{"start":{},"end":{}}],"line":42},"4":{"loc":{"start":{"line":58,"column":2},"end":{"line":67,"column":3}},"type":"if","locations":[{"start":{"line":58,"column":2},"end":{"line":67,"column":3}},{"start":{"line":64,"column":9},"end":{"line":67,"column":3}}],"line":58},"5":{"loc":{"start":{"line":71,"column":23},"end":{"line":71,"column":129}},"type":"binary-expr","locations":[{"start":{"line":71,"column":23},"end":{"line":71,"column":41}},{"start":{"line":71,"column":45},"end":{"line":71,"column":63}},{"start":{"line":71,"column":67},"end":{"line":71,"column":84}},{"start":{"line":71,"column":88},"end":{"line":71,"column":102}},{"start":{"line":71,"column":106},"end":{"line":71,"column":129}}],"line":71},"6":{"loc":{"start":{"line":72,"column":21},"end":{"line":72,"column":84}},"type":"binary-expr","locations":[{"start":{"line":72,"column":21},"end":{"line":72,"column":49}},{"start":{"line":72,"column":53},"end":{"line":72,"column":84}}],"line":72},"7":{"loc":{"start":{"line":74,"column":2},"end":{"line":98,"column":3}},"type":"if","locations":[{"start":{"line":74,"column":2},"end":{"line":98,"column":3}},{"start":{"line":96,"column":9},"end":{"line":98,"column":3}}],"line":74},"8":{"loc":{"start":{"line":74,"column":6},"end":{"line":74,"column":51}},"type":"binary-expr","locations":[{"start":{"line":74,"column":6},"end":{"line":74,"column":18}},{"start":{"line":74,"column":22},"end":{"line":74,"column":32}},{"start":{"line":74,"column":36},"end":{"line":74,"column":51}}],"line":74},"9":{"loc":{"start":{"line":102,"column":23},"end":{"line":102,"column":129}},"type":"binary-expr","locations":[{"start":{"line":102,"column":23},"end":{"line":102,"column":41}},{"start":{"line":102,"column":45},"end":{"line":102,"column":63}},{"start":{"line":102,"column":67},"end":{"line":102,"column":84}},{"start":{"line":102,"column":88},"end":{"line":102,"column":102}},{"start":{"line":102,"column":106},"end":{"line":102,"column":129}}],"line":102},"10":{"loc":{"start":{"line":103,"column":21},"end":{"line":103,"column":84}},"type":"binary-expr","locations":[{"start":{"line":103,"column":21},"end":{"line":103,"column":49}},{"start":{"line":103,"column":53},"end":{"line":103,"column":84}}],"line":103},"11":{"loc":{"start":{"line":105,"column":2},"end":{"line":126,"column":3}},"type":"if","locations":[{"start":{"line":105,"column":2},"end":{"line":126,"column":3}},{"start":{"line":124,"column":9},"end":{"line":126,"column":3}}],"line":105},"12":{"loc":{"start":{"line":105,"column":6},"end":{"line":105,"column":51}},"type":"binary-expr","locations":[{"start":{"line":105,"column":6},"end":{"line":105,"column":18}},{"start":{"line":105,"column":22},"end":{"line":105,"column":32}},{"start":{"line":105,"column":36},"end":{"line":105,"column":51}}],"line":105}},"s":{"0":1,"1":1,"2":1,"3":1,"4":0,"5":0,"6":0,"7":0,"8":0,"9":0,"10":1,"11":2,"12":2,"13":2,"14":1,"15":1,"16":1,"17":1,"18":0,"19":0,"20":0,"21":0,"22":0,"23":0,"24":0,"25":0,"26":0,"27":1,"28":0,"29":0,"30":0,"31":0,"32":0,"33":0,"34":0,"35":1,"36":4,"37":4,"38":4,"39":4,"40":1,"41":1,"42":1,"43":3,"44":1,"45":4,"46":4,"47":4,"48":4,"49":1,"50":1,"51":3,"52":1},"f":{"0":0,"1":2,"2":0,"3":0,"4":4,"5":4},"b":{"0":[0,0],"1":[0,0],"2":[1,1],"3":[0,0],"4":[0,0],"5":[4,4,3,3,3],"6":[4,3],"7":[1,3],"8":[4,3,2],"9":[4,4,3,3,3],"10":[4,3],"11":[1,3],"12":[4,3,2]},"_coverageSchema":"1a1c01bbd47fc00a2c39e90264f33305004495a9","hash":"d86f1eaf08f42658d6e26d2599be4a0740d08203"}
,"/Users/jpark9061/Desktop/CPEN_321/CommUnity (org)/backend/user_microservice/models/index.js": {"path":"/Users/jpark9061/Desktop/CPEN_321/CommUnity (org)/backend/user_microservice/models/index.js","statementMap":{"0":{"start":{"line":3,"column":18},"end":{"line":3,"column":38}},"1":{"start":{"line":4,"column":12},"end":{"line":4,"column":49}},"2":{"start":{"line":5,"column":15},"end":{"line":5,"column":55}},"3":{"start":{"line":6,"column":11},"end":{"line":6,"column":13}},"4":{"start":{"line":9,"column":44},"end":{"line":9,"column":60}},"5":{"start":{"line":11,"column":2},"end":{"line":15,"column":5}},"6":{"start":{"line":16,"column":2},"end":{"line":23,"column":5}},"7":{"start":{"line":25,"column":2},"end":{"line":30,"column":5}},"8":{"start":{"line":31,"column":2},"end":{"line":38,"column":5}},"9":{"start":{"line":42,"column":0},"end":{"line":64,"column":1}},"10":{"start":{"line":43,"column":2},"end":{"line":43,"column":74}},"11":{"start":{"line":45,"column":2},"end":{"line":63,"column":5}},"12":{"start":{"line":66,"column":25},"end":{"line":66,"column":89}},"13":{"start":{"line":67,"column":0},"end":{"line":67,"column":45}},"14":{"start":{"line":68,"column":25},"end":{"line":68,"column":89}},"15":{"start":{"line":69,"column":0},"end":{"line":69,"column":45}},"16":{"start":{"line":70,"column":18},"end":{"line":70,"column":75}},"17":{"start":{"line":71,"column":0},"end":{"line":71,"column":31}},"18":{"start":{"line":73,"column":0},"end":{"line":77,"column":3}},"19":{"start":{"line":74,"column":2},"end":{"line":76,"column":3}},"20":{"start":{"line":75,"column":4},"end":{"line":75,"column":32}},"21":{"start":{"line":79,"column":0},"end":{"line":79,"column":30}},"22":{"start":{"line":81,"column":0},"end":{"line":81,"column":25}},"23":{"start":{"line":82,"column":0},"end":{"line":82,"column":25}},"24":{"start":{"line":84,"column":0},"end":{"line":84,"column":20}}},"fnMap":{"0":{"name":"applyRelationships","decl":{"start":{"line":8,"column":9},"end":{"line":8,"column":27}},"loc":{"start":{"line":8,"column":39},"end":{"line":39,"column":1}},"line":8},"1":{"name":"(anonymous_1)","decl":{"start":{"line":73,"column":24},"end":{"line":73,"column":25}},"loc":{"start":{"line":73,"column":39},"end":{"line":77,"column":1}},"line":73}},"branchMap":{"0":{"loc":{"start":{"line":4,"column":12},"end":{"line":4,"column":49}},"type":"binary-expr","locations":[{"start":{"line":4,"column":12},"end":{"line":4,"column":32}},{"start":{"line":4,"column":36},"end":{"line":4,"column":49}}],"line":4},"1":{"loc":{"start":{"line":42,"column":0},"end":{"line":64,"column":1}},"type":"if","locations":[{"start":{"line":42,"column":0},"end":{"line":64,"column":1}},{"start":{"line":44,"column":7},"end":{"line":64,"column":1}}],"line":42},"2":{"loc":{"start":{"line":46,"column":11},"end":{"line":46,"column":42}},"type":"binary-expr","locations":[{"start":{"line":46,"column":11},"end":{"line":46,"column":27}},{"start":{"line":46,"column":31},"end":{"line":46,"column":42}}],"line":46},"3":{"loc":{"start":{"line":51,"column":20},"end":{"line":60,"column":5}},"type":"cond-expr","locations":[{"start":{"line":52,"column":4},"end":{"line":54,"column":5}},{"start":{"line":55,"column":4},"end":{"line":60,"column":5}}],"line":51},"4":{"loc":{"start":{"line":74,"column":2},"end":{"line":76,"column":3}},"type":"if","locations":[{"start":{"line":74,"column":2},"end":{"line":76,"column":3}},{"start":{},"end":{}}],"line":74}},"s":{"0":1,"1":1,"2":1,"3":1,"4":1,"5":1,"6":1,"7":1,"8":1,"9":1,"10":0,"11":1,"12":1,"13":1,"14":1,"15":1,"16":1,"17":1,"18":1,"19":3,"20":0,"21":1,"22":1,"23":1,"24":1},"f":{"0":1,"1":3},"b":{"0":[1,0],"1":[0,1],"2":[1,1],"3":[0,1],"4":[0,3]},"_coverageSchema":"1a1c01bbd47fc00a2c39e90264f33305004495a9","hash":"2d280c9b677fcf3f37337081979e3898c7de51c7"}
,"/Users/jpark9061/Desktop/CPEN_321/CommUnity (org)/backend/user_microservice/models/leaderboardModel.js": {"path":"/Users/jpark9061/Desktop/CPEN_321/CommUnity (org)/backend/user_microservice/models/leaderboardModel.js","statementMap":{"0":{"start":{"line":1,"column":26},"end":{"line":28,"column":3}},"1":{"start":{"line":2,"column":24},"end":{"line":26,"column":6}},"2":{"start":{"line":27,"column":4},"end":{"line":27,"column":23}},"3":{"start":{"line":30,"column":0},"end":{"line":30,"column":35}}},"fnMap":{"0":{"name":"(anonymous_0)","decl":{"start":{"line":1,"column":26},"end":{"line":1,"column":27}},"loc":{"start":{"line":1,"column":52},"end":{"line":28,"column":3}},"line":1}},"branchMap":{},"s":{"0":1,"1":1,"2":1,"3":1},"f":{"0":1},"b":{},"_coverageSchema":"1a1c01bbd47fc00a2c39e90264f33305004495a9","hash":"3094c3a98c0446a68a6a6246de566c5d27611fc4"}
,"/Users/jpark9061/Desktop/CPEN_321/CommUnity (org)/backend/user_microservice/models/preferencesModel.js": {"path":"/Users/jpark9061/Desktop/CPEN_321/CommUnity (org)/backend/user_microservice/models/preferencesModel.js","statementMap":{"0":{"start":{"line":1,"column":25},"end":{"line":21,"column":3}},"1":{"start":{"line":2,"column":23},"end":{"line":19,"column":6}},"2":{"start":{"line":20,"column":4},"end":{"line":20,"column":22}},"3":{"start":{"line":23,"column":0},"end":{"line":23,"column":34}}},"fnMap":{"0":{"name":"(anonymous_0)","decl":{"start":{"line":1,"column":25},"end":{"line":1,"column":26}},"loc":{"start":{"line":1,"column":51},"end":{"line":21,"column":3}},"line":1}},"branchMap":{},"s":{"0":1,"1":1,"2":1,"3":1},"f":{"0":1},"b":{},"_coverageSchema":"1a1c01bbd47fc00a2c39e90264f33305004495a9","hash":"b093cfa5d38f1a18a2593e0c6058c8d7c8990225"}
,"/Users/jpark9061/Desktop/CPEN_321/CommUnity (org)/backend/user_microservice/models/userModel.js": {"path":"/Users/jpark9061/Desktop/CPEN_321/CommUnity (org)/backend/user_microservice/models/userModel.js","statementMap":{"0":{"start":{"line":1,"column":19},"end":{"line":33,"column":3}},"1":{"start":{"line":2,"column":17},"end":{"line":31,"column":6}},"2":{"start":{"line":32,"column":4},"end":{"line":32,"column":16}},"3":{"start":{"line":35,"column":0},"end":{"line":35,"column":28}}},"fnMap":{"0":{"name":"(anonymous_0)","decl":{"start":{"line":1,"column":19},"end":{"line":1,"column":20}},"loc":{"start":{"line":1,"column":45},"end":{"line":33,"column":3}},"line":1}},"branchMap":{},"s":{"0":1,"1":1,"2":1,"3":1},"f":{"0":1},"b":{},"_coverageSchema":"1a1c01bbd47fc00a2c39e90264f33305004495a9","hash":"02e3946ee7f5ce9df1823cb15059c20a56354469"}
}
