TN:
SF:httpCodes.js
FNF:0
FNH:0
DA:1,1
LF:1
LH:1
BRF:0
BRH:0
end_of_record
TN:
SF:index.js
FN:15,verify
FN:28,(anonymous_1)
FN:51,(anonymous_2)
FNF:3
FNH:1
FNDA:0,verify
FNDA:14,(anonymous_1)
FNDA:0,(anonymous_2)
DA:1,1
DA:2,1
DA:3,1
DA:4,1
DA:5,1
DA:6,1
DA:7,1
DA:9,1
DA:10,1
DA:13,1
DA:16,0
DA:20,0
DA:21,0
DA:22,0
DA:25,1
DA:27,1
DA:28,1
DA:29,14
DA:30,14
DA:31,14
DA:32,14
DA:34,0
DA:35,0
DA:36,0
DA:37,0
DA:39,0
DA:40,0
DA:44,1
DA:47,1
DA:48,0
DA:50,0
DA:51,0
DA:52,0
DA:56,1
LF:34
LH:20
BRDA:30,0,0,14
BRDA:30,0,1,0
BRDA:30,1,0,14
BRDA:30,1,1,14
BRDA:47,2,0,0
BRDA:47,2,1,1
BRDA:50,3,0,0
BRDA:50,3,1,0
BRF:8
BRH:4
end_of_record
TN:
SF:routes.js
FNF:0
FNH:0
DA:1,1
DA:2,1
DA:3,1
DA:5,1
DA:8,1
DA:9,1
DA:10,1
DA:11,1
DA:12,1
DA:15,1
DA:16,1
DA:17,1
DA:20,1
DA:22,1
LF:14
LH:14
BRF:0
BRH:0
end_of_record
TN:
SF:controllers/dietaryRestrictionController.js
FN:5,(anonymous_0)
FN:21,(anonymous_1)
FN:39,(anonymous_2)
FNF:3
FNH:0
FNDA:0,(anonymous_0)
FNDA:0,(anonymous_1)
FNDA:0,(anonymous_2)
DA:2,0
DA:3,0
DA:5,0
DA:6,0
DA:8,0
DA:13,0
DA:15,0
DA:17,0
DA:21,0
DA:22,0
DA:23,0
DA:24,0
DA:25,0
DA:26,0
DA:30,0
DA:32,0
DA:34,0
DA:39,0
DA:40,0
DA:41,0
DA:42,0
DA:43,0
DA:47,0
DA:49,0
DA:50,0
DA:55,0
LF:26
LH:0
BRDA:6,0,0,0
BRDA:6,0,1,0
BRDA:24,1,0,0
BRDA:24,1,1,0
BRDA:24,2,0,0
BRDA:24,2,1,0
BRDA:40,3,0,0
BRDA:40,3,1,0
BRF:8
BRH:0
end_of_record
TN:
SF:controllers/leaderboardController.js
FN:5,(anonymous_0)
FN:13,(anonymous_1)
FN:38,(anonymous_2)
FN:58,(anonymous_3)
FN:89,(anonymous_4)
FNF:5
FNH:2
FNDA:0,(anonymous_0)
FNDA:0,(anonymous_1)
FNDA:0,(anonymous_2)
FNDA:3,(anonymous_3)
FNDA:3,(anonymous_4)
DA:1,1
DA:2,1
DA:3,1
DA:5,1
DA:6,0
DA:7,0
DA:8,0
DA:13,0
DA:14,0
DA:15,0
DA:18,0
DA:26,0
DA:28,0
DA:30,0
DA:31,0
DA:38,1
DA:39,0
DA:40,0
DA:41,0
DA:45,0
DA:47,0
DA:50,0
DA:51,0
DA:53,0
DA:54,0
DA:58,1
DA:59,3
DA:60,3
DA:61,0
DA:64,0
DA:65,0
DA:66,0
DA:67,0
DA:68,0
DA:70,0
DA:76,0
DA:83,0
DA:85,3
DA:89,1
DA:90,3
DA:91,3
DA:92,3
DA:94,0
DA:98,1
LF:44
LH:14
BRDA:6,0,0,0
BRDA:6,0,1,0
BRDA:40,1,0,0
BRDA:40,1,1,0
BRDA:59,2,0,3
BRDA:59,2,1,3
BRDA:59,2,2,2
BRDA:60,3,0,0
BRDA:60,3,1,3
BRDA:65,4,0,0
BRDA:65,4,1,0
BRDA:91,5,0,3
BRDA:91,5,1,0
BRF:13
BRH:5
end_of_record
TN:
SF:controllers/userController.js
FN:12,(anonymous_0)
FN:26,(anonymous_1)
FN:39,(anonymous_2)
FN:56,(anonymous_3)
FN:70,(anonymous_4)
FN:101,(anonymous_5)
FNF:6
FNH:3
FNDA:0,(anonymous_0)
FNDA:2,(anonymous_1)
FNDA:0,(anonymous_2)
FNDA:0,(anonymous_3)
FNDA:5,(anonymous_4)
FNDA:4,(anonymous_5)
DA:1,1
DA:2,1
DA:10,1
DA:12,1
DA:13,0
DA:16,0
DA:17,0
DA:18,0
DA:19,0
DA:22,0
DA:26,1
DA:27,2
DA:28,2
DA:31,2
DA:32,1
DA:34,1
DA:35,1
DA:39,1
DA:40,0
DA:41,0
DA:42,0
DA:43,0
DA:44,0
DA:45,0
DA:47,0
DA:52,0
DA:53,0
DA:56,1
DA:57,0
DA:58,0
DA:59,0
DA:60,0
DA:63,0
DA:65,0
DA:66,0
DA:70,1
DA:71,5
DA:72,5
DA:73,5
DA:74,5
DA:75,1
DA:88,1
DA:95,1
DA:97,4
DA:101,1
DA:102,4
DA:103,4
DA:104,4
DA:105,4
DA:106,1
DA:123,1
DA:125,3
DA:129,1
LF:53
LH:31
BRDA:16,0,0,0
BRDA:16,0,1,0
BRDA:18,1,0,0
BRDA:18,1,1,0
BRDA:31,2,0,1
BRDA:31,2,1,1
BRDA:42,3,0,0
BRDA:42,3,1,0
BRDA:58,4,0,0
BRDA:58,4,1,0
BRDA:71,5,0,5
BRDA:71,5,1,5
BRDA:71,5,2,4
BRDA:71,5,3,4
BRDA:71,5,4,4
BRDA:72,6,0,5
BRDA:72,6,1,4
BRDA:74,7,0,1
BRDA:74,7,1,4
BRDA:74,8,0,5
BRDA:74,8,1,4
BRDA:74,8,2,3
BRDA:102,9,0,4
BRDA:102,9,1,4
BRDA:102,9,2,3
BRDA:102,9,3,3
BRDA:102,9,4,3
BRDA:103,10,0,4
BRDA:103,10,1,3
BRDA:105,11,0,1
BRDA:105,11,1,3
BRDA:105,12,0,4
BRDA:105,12,1,3
BRDA:105,12,2,2
BRF:34
BRH:26
end_of_record
TN:
SF:models/index.js
FN:8,applyRelationships
FN:73,(anonymous_1)
FNF:2
FNH:2
FNDA:1,applyRelationships
FNDA:3,(anonymous_1)
DA:3,1
DA:4,1
DA:5,1
DA:6,1
DA:9,1
DA:11,1
DA:16,1
DA:25,1
DA:31,1
DA:42,1
DA:43,0
DA:45,1
DA:66,1
DA:67,1
DA:68,1
DA:69,1
DA:70,1
DA:71,1
DA:73,1
DA:74,3
DA:75,0
DA:79,1
DA:81,1
DA:82,1
DA:84,1
LF:25
LH:23
BRDA:4,0,0,1
BRDA:4,0,1,0
BRDA:42,1,0,0
BRDA:42,1,1,1
BRDA:46,2,0,1
BRDA:46,2,1,1
BRDA:51,3,0,0
BRDA:51,3,1,1
BRDA:74,4,0,0
BRDA:74,4,1,3
BRF:10
BRH:6
end_of_record
TN:
SF:models/leaderboardModel.js
FN:1,(anonymous_0)
FNF:1
FNH:1
FNDA:1,(anonymous_0)
DA:1,1
DA:2,1
DA:27,1
DA:30,1
LF:4
LH:4
BRF:0
BRH:0
end_of_record
TN:
SF:models/preferencesModel.js
FN:1,(anonymous_0)
FNF:1
FNH:1
FNDA:1,(anonymous_0)
DA:1,1
DA:2,1
DA:20,1
DA:23,1
LF:4
LH:4
BRF:0
BRH:0
end_of_record
TN:
SF:models/userModel.js
FN:1,(anonymous_0)
FNF:1
FNH:1
FNDA:1,(anonymous_0)
DA:1,1
DA:2,1
DA:32,1
DA:35,1
LF:4
LH:4
BRF:0
BRH:0
end_of_record
