TN:
SF:httpCodes.js
FNF:0
FNH:0
DA:1,2
LF:1
LH:1
BRF:0
BRH:0
end_of_record
TN:
SF:index.js
FN:15,verify
FN:28,(anonymous_1)
FN:50,(anonymous_2)
FNF:3
FNH:1
FNDA:0,verify
FNDA:24,(anonymous_1)
FNDA:0,(anonymous_2)
DA:1,1
DA:2,1
DA:3,1
DA:4,1
DA:5,1
DA:6,1
DA:7,1
DA:9,1
DA:10,1
DA:13,1
DA:16,0
DA:20,0
DA:21,0
DA:22,0
DA:25,1
DA:27,1
DA:28,1
DA:29,24
DA:30,24
DA:31,24
DA:33,0
DA:34,0
DA:35,0
DA:36,0
DA:38,0
DA:39,0
DA:43,1
DA:46,1
DA:47,0
DA:49,0
DA:50,0
DA:51,0
DA:55,1
LF:33
LH:19
BRDA:30,0,0,24
BRDA:30,0,1,0
BRDA:30,1,0,24
BRDA:30,1,1,24
BRDA:46,2,0,0
BRDA:46,2,1,1
BRDA:49,3,0,0
BRDA:49,3,1,0
BRF:8
BRH:4
end_of_record
TN:
SF:routes.js
FNF:0
FNH:0
DA:1,1
DA:2,1
DA:3,1
DA:5,1
DA:8,1
DA:9,1
DA:10,1
DA:11,1
DA:12,1
DA:15,1
DA:16,1
DA:17,1
DA:20,1
DA:22,1
LF:14
LH:14
BRF:0
BRH:0
end_of_record
TN:
SF:controllers/leaderboardController.js
FN:5,(anonymous_0)
FN:13,(anonymous_1)
FN:39,(anonymous_2)
FN:59,(anonymous_3)
FN:90,(anonymous_4)
FNF:5
FNH:5
FNDA:1,(anonymous_0)
FNDA:1,(anonymous_1)
FNDA:1,(anonymous_2)
FNDA:6,(anonymous_3)
FNDA:6,(anonymous_4)
DA:1,1
DA:2,1
DA:3,1
DA:5,1
DA:6,1
DA:7,1
DA:8,1
DA:13,1
DA:14,1
DA:15,1
DA:18,1
DA:27,1
DA:30,1
DA:32,0
DA:39,1
DA:40,1
DA:41,1
DA:42,1
DA:45,1
DA:46,1
DA:49,1
DA:50,1
DA:52,0
DA:55,0
DA:59,1
DA:60,6
DA:61,6
DA:62,0
DA:65,0
DA:66,0
DA:67,0
DA:68,0
DA:69,0
DA:71,0
DA:77,0
DA:84,0
DA:86,6
DA:90,1
DA:91,6
DA:92,6
DA:93,6
DA:95,0
DA:99,1
LF:43
LH:30
BRDA:6,0,0,1
BRDA:6,0,1,0
BRDA:41,1,0,1
BRDA:41,1,1,0
BRDA:45,2,0,1
BRDA:45,2,1,0
BRDA:60,3,0,6
BRDA:60,3,1,6
BRDA:60,3,2,4
BRDA:61,4,0,0
BRDA:61,4,1,6
BRDA:66,5,0,0
BRDA:66,5,1,0
BRDA:92,6,0,6
BRDA:92,6,1,0
BRF:15
BRH:8
end_of_record
TN:
SF:controllers/userController.js
FN:13,(anonymous_0)
FN:27,(anonymous_1)
FN:40,(anonymous_2)
FN:57,(anonymous_3)
FN:71,(anonymous_4)
FN:107,(anonymous_5)
FNF:6
FNH:3
FNDA:0,(anonymous_0)
FNDA:3,(anonymous_1)
FNDA:0,(anonymous_2)
FNDA:0,(anonymous_3)
FNDA:9,(anonymous_4)
FNDA:4,(anonymous_5)
DA:1,1
DA:2,1
DA:10,1
DA:11,1
DA:13,1
DA:14,0
DA:17,0
DA:18,0
DA:19,0
DA:20,0
DA:23,0
DA:27,1
DA:28,3
DA:29,3
DA:32,3
DA:33,1
DA:36,2
DA:40,1
DA:41,0
DA:42,0
DA:43,0
DA:44,0
DA:45,0
DA:46,0
DA:48,0
DA:53,0
DA:54,0
DA:57,1
DA:59,0
DA:60,0
DA:61,0
DA:64,0
DA:67,0
DA:71,1
DA:72,9
DA:73,9
DA:74,9
DA:76,9
DA:77,1
DA:90,1
DA:101,1
DA:103,8
DA:107,1
DA:108,4
DA:109,4
DA:110,4
DA:112,4
DA:113,1
DA:130,1
DA:132,3
DA:136,1
LF:51
LH:31
BRDA:17,0,0,0
BRDA:17,0,1,0
BRDA:19,1,0,0
BRDA:19,1,1,0
BRDA:32,2,0,1
BRDA:32,2,1,2
BRDA:43,3,0,0
BRDA:43,3,1,0
BRDA:59,4,0,0
BRDA:59,4,1,0
BRDA:72,5,0,9
BRDA:72,5,1,0
BRDA:72,5,2,9
BRDA:72,5,3,7
BRDA:72,5,4,7
BRDA:72,5,5,7
BRDA:73,6,0,9
BRDA:73,6,1,7
BRDA:76,7,0,1
BRDA:76,7,1,8
BRDA:76,8,0,9
BRDA:76,8,1,7
BRDA:76,8,2,5
BRDA:79,9,0,1
BRDA:79,9,1,1
BRDA:86,10,0,1
BRDA:86,10,1,1
BRDA:91,11,0,1
BRDA:91,11,1,1
BRDA:108,12,0,4
BRDA:108,12,1,0
BRDA:108,12,2,4
BRDA:108,12,3,3
BRDA:108,12,4,3
BRDA:108,12,5,3
BRDA:109,13,0,4
BRDA:109,13,1,3
BRDA:112,14,0,1
BRDA:112,14,1,3
BRDA:112,15,0,4
BRDA:112,15,1,3
BRDA:112,15,2,2
BRDA:115,16,0,1
BRDA:115,16,1,1
BRF:44
BRH:34
end_of_record
TN:
SF:models/index.js
FN:8,applyRelationships
FN:73,(anonymous_1)
FNF:2
FNH:2
FNDA:1,applyRelationships
FNDA:3,(anonymous_1)
DA:3,1
DA:4,1
DA:5,1
DA:6,1
DA:9,1
DA:11,1
DA:16,1
DA:25,1
DA:31,1
DA:42,1
DA:43,0
DA:45,1
DA:66,1
DA:67,1
DA:68,1
DA:69,1
DA:70,1
DA:71,1
DA:73,1
DA:74,3
DA:75,0
DA:79,1
DA:81,1
DA:82,1
DA:84,1
LF:25
LH:23
BRDA:4,0,0,1
BRDA:4,0,1,0
BRDA:42,1,0,0
BRDA:42,1,1,1
BRDA:46,2,0,1
BRDA:46,2,1,1
BRDA:51,3,0,0
BRDA:51,3,1,1
BRDA:74,4,0,0
BRDA:74,4,1,3
BRF:10
BRH:6
end_of_record
TN:
SF:models/leaderboardModel.js
FN:1,(anonymous_0)
FNF:1
FNH:1
FNDA:1,(anonymous_0)
DA:1,1
DA:2,1
DA:27,1
DA:30,1
LF:4
LH:4
BRF:0
BRH:0
end_of_record
TN:
SF:models/preferencesModel.js
FN:1,(anonymous_0)
FNF:1
FNH:1
FNDA:1,(anonymous_0)
DA:1,1
DA:2,1
DA:20,1
DA:23,1
LF:4
LH:4
BRF:0
BRH:0
end_of_record
TN:
SF:models/userModel.js
FN:1,(anonymous_0)
FNF:1
FNH:1
FNDA:1,(anonymous_0)
DA:1,1
DA:2,1
DA:32,1
DA:35,1
LF:4
LH:4
BRF:0
BRH:0
end_of_record
