{"/Users/parthvikulkarni/Projects/CommUnity/backend/post_microservice/httpCodes.js": {"path":"/Users/parthvikulkarni/Projects/CommUnity/backend/post_microservice/httpCodes.js","statementMap":{"0":{"start":{"line":1,"column":0},"end":{"line":8,"column":1}}},"fnMap":{},"branchMap":{},"s":{"0":3},"f":{},"b":{},"_coverageSchema":"1a1c01bbd47fc00a2c39e90264f33305004495a9","hash":"61035cb989ba258c76aa59193226330737a32bd2"}
,"/Users/parthvikulkarni/Projects/CommUnity/backend/post_microservice/index.js": {"path":"/Users/parthvikulkarni/Projects/CommUnity/backend/post_microservice/index.js","statementMap":{"0":{"start":{"line":1,"column":16},"end":{"line":1,"column":34}},"1":{"start":{"line":2,"column":15},"end":{"line":2,"column":34}},"2":{"start":{"line":3,"column":14},"end":{"line":3,"column":30}},"3":{"start":{"line":4,"column":11},"end":{"line":4,"column":30}},"4":{"start":{"line":5,"column":15},"end":{"line":5,"column":32}},"5":{"start":{"line":6,"column":17},"end":{"line":6,"column":61}},"6":{"start":{"line":7,"column":23},"end":{"line":7,"column":53}},"7":{"start":{"line":9,"column":23},"end":{"line":9,"column":45}},"8":{"start":{"line":11,"column":0},"end":{"line":11,"column":38}},"9":{"start":{"line":12,"column":0},"end":{"line":12,"column":16}},"10":{"start":{"line":13,"column":15},"end":{"line":13,"column":54}},"11":{"start":{"line":15,"column":17},"end":{"line":18,"column":4}},"12":{"start":{"line":19,"column":18},"end":{"line":19,"column":37}},"13":{"start":{"line":20,"column":17},"end":{"line":20,"column":31}},"14":{"start":{"line":21,"column":2},"end":{"line":21,"column":16}},"15":{"start":{"line":24,"column":12},"end":{"line":24,"column":21}},"16":{"start":{"line":26,"column":0},"end":{"line":26,"column":24}},"17":{"start":{"line":28,"column":0},"end":{"line":28,"column":44}},"18":{"start":{"line":29,"column":0},"end":{"line":43,"column":3}},"19":{"start":{"line":30,"column":14},"end":{"line":30,"column":34}},"20":{"start":{"line":31,"column":2},"end":{"line":42,"column":3}},"21":{"start":{"line":32,"column":4},"end":{"line":32,"column":38}},"22":{"start":{"line":33,"column":4},"end":{"line":33,"column":11}},"23":{"start":{"line":35,"column":4},"end":{"line":41,"column":5}},"24":{"start":{"line":36,"column":19},"end":{"line":36,"column":38}},"25":{"start":{"line":37,"column":6},"end":{"line":37,"column":34}},"26":{"start":{"line":38,"column":6},"end":{"line":38,"column":13}},"27":{"start":{"line":40,"column":6},"end":{"line":40,"column":53}},"28":{"start":{"line":44,"column":0},"end":{"line":44,"column":16}},"29":{"start":{"line":49,"column":0},"end":{"line":56,"column":1}},"30":{"start":{"line":50,"column":2},"end":{"line":50,"column":22}},"31":{"start":{"line":52,"column":15},"end":{"line":52,"column":39}},"32":{"start":{"line":53,"column":2},"end":{"line":55,"column":5}},"33":{"start":{"line":54,"column":4},"end":{"line":54,"column":54}},"34":{"start":{"line":59,"column":0},"end":{"line":59,"column":21}}},"fnMap":{"0":{"name":"verify","decl":{"start":{"line":14,"column":15},"end":{"line":14,"column":21}},"loc":{"start":{"line":14,"column":29},"end":{"line":22,"column":1}},"line":14},"1":{"name":"(anonymous_1)","decl":{"start":{"line":29,"column":8},"end":{"line":29,"column":9}},"loc":{"start":{"line":29,"column":34},"end":{"line":43,"column":1}},"line":29},"2":{"name":"(anonymous_2)","decl":{"start":{"line":53,"column":19},"end":{"line":53,"column":20}},"loc":{"start":{"line":53,"column":25},"end":{"line":55,"column":3}},"line":53}},"branchMap":{"0":{"loc":{"start":{"line":31,"column":2},"end":{"line":42,"column":3}},"type":"if","locations":[{"start":{"line":31,"column":2},"end":{"line":42,"column":3}},{"start":{"line":34,"column":9},"end":{"line":42,"column":3}}],"line":31},"1":{"loc":{"start":{"line":31,"column":6},"end":{"line":31,"column":36}},"type":"binary-expr","locations":[{"start":{"line":31,"column":6},"end":{"line":31,"column":14}},{"start":{"line":31,"column":18},"end":{"line":31,"column":36}}],"line":31},"2":{"loc":{"start":{"line":49,"column":0},"end":{"line":56,"column":1}},"type":"if","locations":[{"start":{"line":49,"column":0},"end":{"line":56,"column":1}},{"start":{},"end":{}}],"line":49},"3":{"loc":{"start":{"line":52,"column":15},"end":{"line":52,"column":39}},"type":"binary-expr","locations":[{"start":{"line":52,"column":15},"end":{"line":52,"column":31}},{"start":{"line":52,"column":35},"end":{"line":52,"column":39}}],"line":52}},"s":{"0":3,"1":3,"2":3,"3":3,"4":3,"5":3,"6":3,"7":3,"8":3,"9":3,"10":3,"11":0,"12":0,"13":0,"14":0,"15":3,"16":3,"17":3,"18":3,"19":30,"20":30,"21":30,"22":30,"23":0,"24":0,"25":0,"26":0,"27":0,"28":3,"29":3,"30":0,"31":0,"32":0,"33":0,"34":3},"f":{"0":0,"1":30,"2":0},"b":{"0":[30,0],"1":[30,30],"2":[0,3],"3":[0,0]},"_coverageSchema":"1a1c01bbd47fc00a2c39e90264f33305004495a9","hash":"3e3f93d940a6ba9edd43132feb9763c9d5ab38e2"}
,"/Users/parthvikulkarni/Projects/CommUnity/backend/post_microservice/routes.js": {"path":"/Users/parthvikulkarni/Projects/CommUnity/backend/post_microservice/routes.js","statementMap":{"0":{"start":{"line":1,"column":15},"end":{"line":1,"column":48}},"1":{"start":{"line":3,"column":158},"end":{"line":3,"column":202}},"2":{"start":{"line":4,"column":178},"end":{"line":4,"column":224}},"3":{"start":{"line":6,"column":15},"end":{"line":6,"column":23}},"4":{"start":{"line":9,"column":0},"end":{"line":9,"column":61}},"5":{"start":{"line":10,"column":0},"end":{"line":10,"column":54}},"6":{"start":{"line":11,"column":0},"end":{"line":11,"column":72}},"7":{"start":{"line":12,"column":0},"end":{"line":12,"column":68}},"8":{"start":{"line":13,"column":0},"end":{"line":13,"column":65}},"9":{"start":{"line":14,"column":0},"end":{"line":14,"column":54}},"10":{"start":{"line":15,"column":0},"end":{"line":15,"column":53}},"11":{"start":{"line":16,"column":0},"end":{"line":16,"column":58}},"12":{"start":{"line":17,"column":0},"end":{"line":17,"column":65}},"13":{"start":{"line":18,"column":0},"end":{"line":18,"column":67}},"14":{"start":{"line":22,"column":0},"end":{"line":22,"column":55}},"15":{"start":{"line":23,"column":0},"end":{"line":23,"column":50}},"16":{"start":{"line":24,"column":0},"end":{"line":24,"column":68}},"17":{"start":{"line":25,"column":0},"end":{"line":25,"column":64}},"18":{"start":{"line":26,"column":0},"end":{"line":26,"column":61}},"19":{"start":{"line":27,"column":0},"end":{"line":27,"column":50}},"20":{"start":{"line":28,"column":0},"end":{"line":28,"column":49}},"21":{"start":{"line":29,"column":0},"end":{"line":29,"column":54}},"22":{"start":{"line":30,"column":0},"end":{"line":30,"column":61}},"23":{"start":{"line":31,"column":0},"end":{"line":31,"column":61}},"24":{"start":{"line":33,"column":0},"end":{"line":33,"column":24}}},"fnMap":{},"branchMap":{},"s":{"0":3,"1":3,"2":3,"3":3,"4":3,"5":3,"6":3,"7":3,"8":3,"9":3,"10":3,"11":3,"12":3,"13":3,"14":3,"15":3,"16":3,"17":3,"18":3,"19":3,"20":3,"21":3,"22":3,"23":3,"24":3},"f":{},"b":{},"_coverageSchema":"1a1c01bbd47fc00a2c39e90264f33305004495a9","hash":"c48d170d77960a03f7963aaa4b2ece421b5efa1c"}
,"/Users/parthvikulkarni/Projects/CommUnity/backend/post_microservice/controllers/offerPostController.js": {"path":"/Users/parthvikulkarni/Projects/CommUnity/backend/post_microservice/controllers/offerPostController.js","statementMap":{"0":{"start":{"line":1,"column":15},"end":{"line":1,"column":35}},"1":{"start":{"line":2,"column":37},"end":{"line":2,"column":57}},"2":{"start":{"line":3,"column":14},"end":{"line":3,"column":30}},"3":{"start":{"line":4,"column":71},"end":{"line":4,"column":94}},"4":{"start":{"line":6,"column":17},"end":{"line":17,"column":1}},"5":{"start":{"line":7,"column":4},"end":{"line":16,"column":5}},"6":{"start":{"line":8,"column":25},"end":{"line":8,"column":88}},"7":{"start":{"line":9,"column":8},"end":{"line":13,"column":9}},"8":{"start":{"line":10,"column":12},"end":{"line":10,"column":42}},"9":{"start":{"line":12,"column":12},"end":{"line":12,"column":38}},"10":{"start":{"line":15,"column":8},"end":{"line":15,"column":46}},"11":{"start":{"line":19,"column":21},"end":{"line":26,"column":1}},"12":{"start":{"line":20,"column":21},"end":{"line":20,"column":46}},"13":{"start":{"line":21,"column":4},"end":{"line":25,"column":5}},"14":{"start":{"line":22,"column":8},"end":{"line":22,"column":38}},"15":{"start":{"line":24,"column":8},"end":{"line":24,"column":34}},"16":{"start":{"line":28,"column":25},"end":{"line":39,"column":1}},"17":{"start":{"line":29,"column":4},"end":{"line":38,"column":5}},"18":{"start":{"line":30,"column":25},"end":{"line":30,"column":86}},"19":{"start":{"line":31,"column":8},"end":{"line":35,"column":9}},"20":{"start":{"line":32,"column":12},"end":{"line":32,"column":42}},"21":{"start":{"line":34,"column":12},"end":{"line":34,"column":38}},"22":{"start":{"line":37,"column":8},"end":{"line":37,"column":68}},"23":{"start":{"line":41,"column":21},"end":{"line":98,"column":1}},"24":{"start":{"line":42,"column":18},"end":{"line":42,"column":34}},"25":{"start":{"line":43,"column":4},"end":{"line":97,"column":5}},"26":{"start":{"line":44,"column":23},"end":{"line":44,"column":25}},"27":{"start":{"line":45,"column":29},"end":{"line":50,"column":10}},"28":{"start":{"line":52,"column":8},"end":{"line":90,"column":9}},"29":{"start":{"line":53,"column":12},"end":{"line":66,"column":13}},"30":{"start":{"line":53,"column":25},"end":{"line":53,"column":26}},"31":{"start":{"line":54,"column":16},"end":{"line":65,"column":19}},"32":{"start":{"line":68,"column":24},"end":{"line":68,"column":102}},"33":{"start":{"line":69,"column":12},"end":{"line":89,"column":13}},"34":{"start":{"line":70,"column":33},"end":{"line":86,"column":19}},"35":{"start":{"line":71,"column":33},"end":{"line":71,"column":89}},"36":{"start":{"line":72,"column":136},"end":{"line":72,"column":151}},"37":{"start":{"line":73,"column":38},"end":{"line":84,"column":21}},"38":{"start":{"line":85,"column":20},"end":{"line":85,"column":37}},"39":{"start":{"line":88,"column":16},"end":{"line":88,"column":53}},"40":{"start":{"line":92,"column":8},"end":{"line":92,"column":27}},"41":{"start":{"line":95,"column":8},"end":{"line":95,"column":70}},"42":{"start":{"line":96,"column":8},"end":{"line":96,"column":46}},"43":{"start":{"line":100,"column":29},"end":{"line":129,"column":1}},"44":{"start":{"line":101,"column":4},"end":{"line":128,"column":5}},"45":{"start":{"line":102,"column":24},"end":{"line":102,"column":40}},"46":{"start":{"line":103,"column":25},"end":{"line":105,"column":10}},"47":{"start":{"line":107,"column":28},"end":{"line":107,"column":30}},"48":{"start":{"line":108,"column":35},"end":{"line":108,"column":37}},"49":{"start":{"line":109,"column":8},"end":{"line":115,"column":9}},"50":{"start":{"line":109,"column":21},"end":{"line":109,"column":22}},"51":{"start":{"line":110,"column":12},"end":{"line":114,"column":13}},"52":{"start":{"line":111,"column":16},"end":{"line":111,"column":74}},"53":{"start":{"line":113,"column":16},"end":{"line":113,"column":66}},"54":{"start":{"line":117,"column":25},"end":{"line":119,"column":10}},"55":{"start":{"line":121,"column":23},"end":{"line":123,"column":10}},"56":{"start":{"line":122,"column":12},"end":{"line":122,"column":35}},"57":{"start":{"line":125,"column":8},"end":{"line":125,"column":47}},"58":{"start":{"line":127,"column":6},"end":{"line":127,"column":34}},"59":{"start":{"line":131,"column":20},"end":{"line":169,"column":1}},"60":{"start":{"line":132,"column":25},"end":{"line":132,"column":214}},"61":{"start":{"line":133,"column":22},"end":{"line":133,"column":58}},"62":{"start":{"line":134,"column":23},"end":{"line":134,"column":54}},"63":{"start":{"line":135,"column":4},"end":{"line":168,"column":5}},"64":{"start":{"line":136,"column":29},"end":{"line":145,"column":10}},"65":{"start":{"line":147,"column":22},"end":{"line":147,"column":38}},"66":{"start":{"line":148,"column":8},"end":{"line":155,"column":13}},"67":{"start":{"line":149,"column":12},"end":{"line":154,"column":13}},"68":{"start":{"line":150,"column":16},"end":{"line":153,"column":19}},"69":{"start":{"line":157,"column":31},"end":{"line":161,"column":9}},"70":{"start":{"line":163,"column":8},"end":{"line":163,"column":72}},"71":{"start":{"line":164,"column":8},"end":{"line":164,"column":32}},"72":{"start":{"line":167,"column":8},"end":{"line":167,"column":36}},"73":{"start":{"line":171,"column":24},"end":{"line":191,"column":1}},"74":{"start":{"line":172,"column":4},"end":{"line":190,"column":5}},"75":{"start":{"line":173,"column":28},"end":{"line":173,"column":92}},"76":{"start":{"line":174,"column":28},"end":{"line":174,"column":44}},"77":{"start":{"line":176,"column":8},"end":{"line":185,"column":9}},"78":{"start":{"line":176,"column":21},"end":{"line":176,"column":22}},"79":{"start":{"line":177,"column":12},"end":{"line":184,"column":13}},"80":{"start":{"line":178,"column":16},"end":{"line":183,"column":19}},"81":{"start":{"line":186,"column":8},"end":{"line":186,"column":27}},"82":{"start":{"line":188,"column":8},"end":{"line":188,"column":59}},"83":{"start":{"line":189,"column":8},"end":{"line":189,"column":46}},"84":{"start":{"line":193,"column":21},"end":{"line":212,"column":1}},"85":{"start":{"line":194,"column":4},"end":{"line":211,"column":5}},"86":{"start":{"line":195,"column":28},"end":{"line":195,"column":92}},"87":{"start":{"line":196,"column":28},"end":{"line":196,"column":44}},"88":{"start":{"line":197,"column":32},"end":{"line":197,"column":75}},"89":{"start":{"line":197,"column":55},"end":{"line":197,"column":74}},"90":{"start":{"line":199,"column":8},"end":{"line":206,"column":11}},"91":{"start":{"line":200,"column":12},"end":{"line":205,"column":13}},"92":{"start":{"line":201,"column":16},"end":{"line":204,"column":19}},"93":{"start":{"line":207,"column":8},"end":{"line":207,"column":27}},"94":{"start":{"line":209,"column":8},"end":{"line":209,"column":66}},"95":{"start":{"line":210,"column":8},"end":{"line":210,"column":46}},"96":{"start":{"line":214,"column":20},"end":{"line":240,"column":1}},"97":{"start":{"line":215,"column":4},"end":{"line":239,"column":5}},"98":{"start":{"line":216,"column":28},"end":{"line":216,"column":83}},"99":{"start":{"line":217,"column":35},"end":{"line":217,"column":54}},"100":{"start":{"line":218,"column":8},"end":{"line":235,"column":9}},"101":{"start":{"line":219,"column":12},"end":{"line":228,"column":53}},"102":{"start":{"line":229,"column":12},"end":{"line":231,"column":13}},"103":{"start":{"line":230,"column":16},"end":{"line":230,"column":113}},"104":{"start":{"line":232,"column":12},"end":{"line":232,"column":31}},"105":{"start":{"line":234,"column":12},"end":{"line":234,"column":31}},"106":{"start":{"line":237,"column":8},"end":{"line":237,"column":53}},"107":{"start":{"line":238,"column":8},"end":{"line":238,"column":46}},"108":{"start":{"line":242,"column":20},"end":{"line":260,"column":1}},"109":{"start":{"line":243,"column":4},"end":{"line":259,"column":5}},"110":{"start":{"line":244,"column":8},"end":{"line":248,"column":10}},"111":{"start":{"line":249,"column":8},"end":{"line":253,"column":11}},"112":{"start":{"line":254,"column":8},"end":{"line":254,"column":105}},"113":{"start":{"line":255,"column":8},"end":{"line":255,"column":27}},"114":{"start":{"line":257,"column":8},"end":{"line":257,"column":53}},"115":{"start":{"line":258,"column":8},"end":{"line":258,"column":46}},"116":{"start":{"line":262,"column":0},"end":{"line":273,"column":2}}},"fnMap":{"0":{"name":"(anonymous_0)","decl":{"start":{"line":6,"column":17},"end":{"line":6,"column":18}},"loc":{"start":{"line":6,"column":37},"end":{"line":17,"column":1}},"line":6},"1":{"name":"(anonymous_1)","decl":{"start":{"line":19,"column":21},"end":{"line":19,"column":22}},"loc":{"start":{"line":19,"column":41},"end":{"line":26,"column":1}},"line":19},"2":{"name":"(anonymous_2)","decl":{"start":{"line":28,"column":25},"end":{"line":28,"column":26}},"loc":{"start":{"line":28,"column":45},"end":{"line":39,"column":1}},"line":28},"3":{"name":"(anonymous_3)","decl":{"start":{"line":41,"column":21},"end":{"line":41,"column":22}},"loc":{"start":{"line":41,"column":41},"end":{"line":98,"column":1}},"line":41},"4":{"name":"(anonymous_4)","decl":{"start":{"line":70,"column":59},"end":{"line":70,"column":60}},"loc":{"start":{"line":70,"column":70},"end":{"line":86,"column":17}},"line":70},"5":{"name":"(anonymous_5)","decl":{"start":{"line":100,"column":29},"end":{"line":100,"column":30}},"loc":{"start":{"line":100,"column":49},"end":{"line":129,"column":1}},"line":100},"6":{"name":"(anonymous_6)","decl":{"start":{"line":121,"column":36},"end":{"line":121,"column":37}},"loc":{"start":{"line":121,"column":44},"end":{"line":123,"column":9}},"line":121},"7":{"name":"(anonymous_7)","decl":{"start":{"line":131,"column":20},"end":{"line":131,"column":21}},"loc":{"start":{"line":131,"column":40},"end":{"line":169,"column":1}},"line":131},"8":{"name":"(anonymous_8)","decl":{"start":{"line":171,"column":24},"end":{"line":171,"column":25}},"loc":{"start":{"line":171,"column":44},"end":{"line":191,"column":1}},"line":171},"9":{"name":"(anonymous_9)","decl":{"start":{"line":193,"column":21},"end":{"line":193,"column":22}},"loc":{"start":{"line":193,"column":41},"end":{"line":212,"column":1}},"line":193},"10":{"name":"(anonymous_10)","decl":{"start":{"line":197,"column":48},"end":{"line":197,"column":49}},"loc":{"start":{"line":197,"column":55},"end":{"line":197,"column":74}},"line":197},"11":{"name":"(anonymous_11)","decl":{"start":{"line":199,"column":28},"end":{"line":199,"column":29}},"loc":{"start":{"line":199,"column":35},"end":{"line":206,"column":9}},"line":199},"12":{"name":"(anonymous_12)","decl":{"start":{"line":214,"column":20},"end":{"line":214,"column":21}},"loc":{"start":{"line":214,"column":40},"end":{"line":240,"column":1}},"line":214},"13":{"name":"(anonymous_13)","decl":{"start":{"line":242,"column":20},"end":{"line":242,"column":21}},"loc":{"start":{"line":242,"column":40},"end":{"line":260,"column":1}},"line":242}},"branchMap":{"0":{"loc":{"start":{"line":7,"column":4},"end":{"line":16,"column":5}},"type":"if","locations":[{"start":{"line":7,"column":4},"end":{"line":16,"column":5}},{"start":{"line":14,"column":11},"end":{"line":16,"column":5}}],"line":7},"1":{"loc":{"start":{"line":9,"column":8},"end":{"line":13,"column":9}},"type":"if","locations":[{"start":{"line":9,"column":8},"end":{"line":13,"column":9}},{"start":{"line":11,"column":15},"end":{"line":13,"column":9}}],"line":9},"2":{"loc":{"start":{"line":21,"column":4},"end":{"line":25,"column":5}},"type":"if","locations":[{"start":{"line":21,"column":4},"end":{"line":25,"column":5}},{"start":{"line":23,"column":11},"end":{"line":25,"column":5}}],"line":21},"3":{"loc":{"start":{"line":29,"column":4},"end":{"line":38,"column":5}},"type":"if","locations":[{"start":{"line":29,"column":4},"end":{"line":38,"column":5}},{"start":{"line":36,"column":11},"end":{"line":38,"column":5}}],"line":29},"4":{"loc":{"start":{"line":31,"column":8},"end":{"line":35,"column":9}},"type":"if","locations":[{"start":{"line":31,"column":8},"end":{"line":35,"column":9}},{"start":{"line":33,"column":15},"end":{"line":35,"column":9}}],"line":31},"5":{"loc":{"start":{"line":52,"column":8},"end":{"line":90,"column":9}},"type":"if","locations":[{"start":{"line":52,"column":8},"end":{"line":90,"column":9}},{"start":{"line":67,"column":15},"end":{"line":90,"column":9}}],"line":52},"6":{"loc":{"start":{"line":69,"column":12},"end":{"line":89,"column":13}},"type":"if","locations":[{"start":{"line":69,"column":12},"end":{"line":89,"column":13}},{"start":{},"end":{}}],"line":69},"7":{"loc":{"start":{"line":101,"column":4},"end":{"line":128,"column":5}},"type":"if","locations":[{"start":{"line":101,"column":4},"end":{"line":128,"column":5}},{"start":{"line":126,"column":11},"end":{"line":128,"column":5}}],"line":101},"8":{"loc":{"start":{"line":110,"column":12},"end":{"line":114,"column":13}},"type":"if","locations":[{"start":{"line":110,"column":12},"end":{"line":114,"column":13}},{"start":{"line":112,"column":19},"end":{"line":114,"column":13}}],"line":110},"9":{"loc":{"start":{"line":132,"column":25},"end":{"line":132,"column":214}},"type":"binary-expr","locations":[{"start":{"line":132,"column":25},"end":{"line":132,"column":40}},{"start":{"line":132,"column":44},"end":{"line":132,"column":58}},{"start":{"line":132,"column":62},"end":{"line":132,"column":82}},{"start":{"line":132,"column":86},"end":{"line":132,"column":103}},{"start":{"line":132,"column":107},"end":{"line":132,"column":130}},{"start":{"line":132,"column":134},"end":{"line":132,"column":148}},{"start":{"line":132,"column":152},"end":{"line":132,"column":167}},{"start":{"line":132,"column":171},"end":{"line":132,"column":194}},{"start":{"line":132,"column":198},"end":{"line":132,"column":214}}],"line":132},"10":{"loc":{"start":{"line":135,"column":4},"end":{"line":168,"column":5}},"type":"if","locations":[{"start":{"line":135,"column":4},"end":{"line":168,"column":5}},{"start":{"line":166,"column":11},"end":{"line":168,"column":5}}],"line":135},"11":{"loc":{"start":{"line":135,"column":7},"end":{"line":135,"column":46}},"type":"binary-expr","locations":[{"start":{"line":135,"column":7},"end":{"line":135,"column":19}},{"start":{"line":135,"column":23},"end":{"line":135,"column":33}},{"start":{"line":135,"column":37},"end":{"line":135,"column":46}}],"line":135},"12":{"loc":{"start":{"line":148,"column":8},"end":{"line":155,"column":13}},"type":"if","locations":[{"start":{"line":148,"column":8},"end":{"line":155,"column":13}},{"start":{},"end":{}}],"line":148},"13":{"loc":{"start":{"line":172,"column":4},"end":{"line":190,"column":5}},"type":"if","locations":[{"start":{"line":172,"column":4},"end":{"line":190,"column":5}},{"start":{"line":187,"column":11},"end":{"line":190,"column":5}}],"line":172},"14":{"loc":{"start":{"line":177,"column":12},"end":{"line":184,"column":13}},"type":"if","locations":[{"start":{"line":177,"column":12},"end":{"line":184,"column":13}},{"start":{},"end":{}}],"line":177},"15":{"loc":{"start":{"line":194,"column":4},"end":{"line":211,"column":5}},"type":"if","locations":[{"start":{"line":194,"column":4},"end":{"line":211,"column":5}},{"start":{"line":208,"column":11},"end":{"line":211,"column":5}}],"line":194},"16":{"loc":{"start":{"line":200,"column":12},"end":{"line":205,"column":13}},"type":"if","locations":[{"start":{"line":200,"column":12},"end":{"line":205,"column":13}},{"start":{},"end":{}}],"line":200},"17":{"loc":{"start":{"line":215,"column":4},"end":{"line":239,"column":5}},"type":"if","locations":[{"start":{"line":215,"column":4},"end":{"line":239,"column":5}},{"start":{"line":236,"column":11},"end":{"line":239,"column":5}}],"line":215},"18":{"loc":{"start":{"line":218,"column":8},"end":{"line":235,"column":9}},"type":"if","locations":[{"start":{"line":218,"column":8},"end":{"line":235,"column":9}},{"start":{"line":233,"column":13},"end":{"line":235,"column":9}}],"line":218},"19":{"loc":{"start":{"line":229,"column":12},"end":{"line":231,"column":13}},"type":"if","locations":[{"start":{"line":229,"column":12},"end":{"line":231,"column":13}},{"start":{},"end":{}}],"line":229},"20":{"loc":{"start":{"line":243,"column":4},"end":{"line":259,"column":5}},"type":"if","locations":[{"start":{"line":243,"column":4},"end":{"line":259,"column":5}},{"start":{"line":256,"column":11},"end":{"line":259,"column":5}}],"line":243}},"s":{"0":3,"1":3,"2":3,"3":3,"4":3,"5":4,"6":4,"7":4,"8":2,"9":2,"10":0,"11":3,"12":4,"13":4,"14":2,"15":2,"16":3,"17":6,"18":6,"19":6,"20":2,"21":4,"22":0,"23":3,"24":4,"25":4,"26":4,"27":4,"28":4,"29":2,"30":2,"31":2,"32":2,"33":2,"34":2,"35":2,"36":2,"37":2,"38":2,"39":2,"40":4,"41":0,"42":0,"43":3,"44":6,"45":4,"46":4,"47":4,"48":4,"49":4,"50":4,"51":4,"52":0,"53":4,"54":4,"55":4,"56":4,"57":4,"58":2,"59":3,"60":4,"61":4,"62":4,"63":4,"64":1,"65":1,"66":1,"67":1,"68":1,"69":1,"70":1,"71":1,"72":3,"73":3,"74":0,"75":0,"76":0,"77":0,"78":0,"79":0,"80":0,"81":0,"82":0,"83":0,"84":3,"85":0,"86":0,"87":0,"88":0,"89":0,"90":0,"91":0,"92":0,"93":0,"94":0,"95":0,"96":3,"97":0,"98":0,"99":0,"100":0,"101":0,"102":0,"103":0,"104":0,"105":0,"106":0,"107":0,"108":3,"109":0,"110":0,"111":0,"112":0,"113":0,"114":0,"115":0,"116":3},"f":{"0":4,"1":4,"2":6,"3":4,"4":2,"5":6,"6":4,"7":4,"8":0,"9":0,"10":0,"11":0,"12":0,"13":0},"b":{"0":[4,0],"1":[2,2],"2":[2,2],"3":[6,0],"4":[2,4],"5":[2,2],"6":[2,0],"7":[4,2],"8":[0,4],"9":[4,4,4,4,4,4,4,4,4],"10":[1,3],"11":[4,3,2],"12":[1,0],"13":[0,0],"14":[0,0],"15":[0,0],"16":[0,0],"17":[0,0],"18":[0,0],"19":[0,0],"20":[0,0]},"_coverageSchema":"1a1c01bbd47fc00a2c39e90264f33305004495a9","hash":"8a11a4d3f197f6cc66a48fdf3ae91dcbcc94edda"}
,"/Users/parthvikulkarni/Projects/CommUnity/backend/post_microservice/controllers/requestPostController.js": {"path":"/Users/parthvikulkarni/Projects/CommUnity/backend/post_microservice/controllers/requestPostController.js","statementMap":{"0":{"start":{"line":1,"column":15},"end":{"line":1,"column":35}},"1":{"start":{"line":2,"column":14},"end":{"line":2,"column":38}},"2":{"start":{"line":3,"column":41},"end":{"line":3,"column":61}},"3":{"start":{"line":4,"column":71},"end":{"line":4,"column":94}},"4":{"start":{"line":6,"column":19},"end":{"line":17,"column":1}},"5":{"start":{"line":7,"column":3},"end":{"line":16,"column":4}},"6":{"start":{"line":8,"column":24},"end":{"line":8,"column":93}},"7":{"start":{"line":9,"column":7},"end":{"line":13,"column":8}},"8":{"start":{"line":10,"column":11},"end":{"line":10,"column":30}},"9":{"start":{"line":12,"column":11},"end":{"line":12,"column":37}},"10":{"start":{"line":15,"column":7},"end":{"line":15,"column":45}},"11":{"start":{"line":19,"column":23},"end":{"line":26,"column":1}},"12":{"start":{"line":20,"column":21},"end":{"line":20,"column":48}},"13":{"start":{"line":21,"column":4},"end":{"line":25,"column":5}},"14":{"start":{"line":22,"column":8},"end":{"line":22,"column":38}},"15":{"start":{"line":24,"column":8},"end":{"line":24,"column":34}},"16":{"start":{"line":28,"column":27},"end":{"line":39,"column":1}},"17":{"start":{"line":29,"column":4},"end":{"line":38,"column":5}},"18":{"start":{"line":30,"column":25},"end":{"line":30,"column":88}},"19":{"start":{"line":31,"column":8},"end":{"line":35,"column":9}},"20":{"start":{"line":32,"column":12},"end":{"line":32,"column":42}},"21":{"start":{"line":34,"column":12},"end":{"line":34,"column":37}},"22":{"start":{"line":37,"column":8},"end":{"line":37,"column":42}},"23":{"start":{"line":41,"column":23},"end":{"line":95,"column":1}},"24":{"start":{"line":42,"column":18},"end":{"line":42,"column":34}},"25":{"start":{"line":43,"column":4},"end":{"line":94,"column":5}},"26":{"start":{"line":44,"column":23},"end":{"line":44,"column":25}},"27":{"start":{"line":46,"column":29},"end":{"line":55,"column":10}},"28":{"start":{"line":57,"column":8},"end":{"line":87,"column":9}},"29":{"start":{"line":58,"column":12},"end":{"line":67,"column":13}},"30":{"start":{"line":58,"column":25},"end":{"line":58,"column":26}},"31":{"start":{"line":59,"column":16},"end":{"line":66,"column":19}},"32":{"start":{"line":69,"column":24},"end":{"line":69,"column":104}},"33":{"start":{"line":70,"column":12},"end":{"line":86,"column":13}},"34":{"start":{"line":71,"column":33},"end":{"line":83,"column":19}},"35":{"start":{"line":72,"column":33},"end":{"line":72,"column":93}},"36":{"start":{"line":73,"column":91},"end":{"line":73,"column":106}},"37":{"start":{"line":74,"column":20},"end":{"line":82,"column":22}},"38":{"start":{"line":85,"column":16},"end":{"line":85,"column":53}},"39":{"start":{"line":89,"column":8},"end":{"line":89,"column":38}},"40":{"start":{"line":92,"column":8},"end":{"line":92,"column":72}},"41":{"start":{"line":93,"column":8},"end":{"line":93,"column":46}},"42":{"start":{"line":97,"column":31},"end":{"line":126,"column":1}},"43":{"start":{"line":98,"column":4},"end":{"line":125,"column":5}},"44":{"start":{"line":99,"column":24},"end":{"line":99,"column":40}},"45":{"start":{"line":100,"column":25},"end":{"line":102,"column":10}},"46":{"start":{"line":104,"column":28},"end":{"line":104,"column":30}},"47":{"start":{"line":105,"column":37},"end":{"line":105,"column":39}},"48":{"start":{"line":106,"column":8},"end":{"line":112,"column":9}},"49":{"start":{"line":106,"column":21},"end":{"line":106,"column":22}},"50":{"start":{"line":107,"column":12},"end":{"line":111,"column":13}},"51":{"start":{"line":108,"column":16},"end":{"line":108,"column":76}},"52":{"start":{"line":110,"column":16},"end":{"line":110,"column":66}},"53":{"start":{"line":114,"column":25},"end":{"line":116,"column":10}},"54":{"start":{"line":118,"column":23},"end":{"line":120,"column":10}},"55":{"start":{"line":119,"column":12},"end":{"line":119,"column":35}},"56":{"start":{"line":122,"column":8},"end":{"line":122,"column":47}},"57":{"start":{"line":124,"column":6},"end":{"line":124,"column":34}},"58":{"start":{"line":168,"column":22},"end":{"line":198,"column":1}},"59":{"start":{"line":169,"column":25},"end":{"line":169,"column":149}},"60":{"start":{"line":170,"column":4},"end":{"line":197,"column":5}},"61":{"start":{"line":171,"column":31},"end":{"line":177,"column":12}},"62":{"start":{"line":179,"column":22},"end":{"line":179,"column":38}},"63":{"start":{"line":180,"column":8},"end":{"line":187,"column":9}},"64":{"start":{"line":181,"column":12},"end":{"line":186,"column":13}},"65":{"start":{"line":182,"column":16},"end":{"line":185,"column":21}},"66":{"start":{"line":188,"column":31},"end":{"line":192,"column":9}},"67":{"start":{"line":193,"column":8},"end":{"line":193,"column":72}},"68":{"start":{"line":194,"column":8},"end":{"line":194,"column":32}},"69":{"start":{"line":196,"column":6},"end":{"line":196,"column":34}},"70":{"start":{"line":241,"column":22},"end":{"line":267,"column":1}},"71":{"start":{"line":242,"column":4},"end":{"line":265,"column":5}},"72":{"start":{"line":243,"column":30},"end":{"line":245,"column":10}},"73":{"start":{"line":246,"column":37},"end":{"line":246,"column":58}},"74":{"start":{"line":247,"column":8},"end":{"line":261,"column":9}},"75":{"start":{"line":248,"column":12},"end":{"line":254,"column":57}},"76":{"start":{"line":255,"column":12},"end":{"line":257,"column":13}},"77":{"start":{"line":256,"column":16},"end":{"line":256,"column":117}},"78":{"start":{"line":258,"column":12},"end":{"line":258,"column":48}},"79":{"start":{"line":260,"column":12},"end":{"line":260,"column":87}},"80":{"start":{"line":263,"column":6},"end":{"line":263,"column":51}},"81":{"start":{"line":264,"column":6},"end":{"line":264,"column":44}},"82":{"start":{"line":269,"column":26},"end":{"line":291,"column":1}},"83":{"start":{"line":270,"column":4},"end":{"line":290,"column":5}},"84":{"start":{"line":271,"column":28},"end":{"line":273,"column":10}},"85":{"start":{"line":274,"column":28},"end":{"line":274,"column":44}},"86":{"start":{"line":276,"column":8},"end":{"line":285,"column":9}},"87":{"start":{"line":276,"column":21},"end":{"line":276,"column":22}},"88":{"start":{"line":277,"column":12},"end":{"line":284,"column":13}},"89":{"start":{"line":278,"column":16},"end":{"line":283,"column":19}},"90":{"start":{"line":286,"column":8},"end":{"line":286,"column":27}},"91":{"start":{"line":288,"column":8},"end":{"line":288,"column":59}},"92":{"start":{"line":289,"column":8},"end":{"line":289,"column":46}},"93":{"start":{"line":293,"column":23},"end":{"line":313,"column":1}},"94":{"start":{"line":294,"column":4},"end":{"line":312,"column":5}},"95":{"start":{"line":295,"column":28},"end":{"line":295,"column":96}},"96":{"start":{"line":297,"column":28},"end":{"line":297,"column":44}},"97":{"start":{"line":298,"column":32},"end":{"line":298,"column":75}},"98":{"start":{"line":298,"column":55},"end":{"line":298,"column":74}},"99":{"start":{"line":300,"column":8},"end":{"line":307,"column":11}},"100":{"start":{"line":301,"column":12},"end":{"line":306,"column":13}},"101":{"start":{"line":302,"column":16},"end":{"line":305,"column":19}},"102":{"start":{"line":308,"column":8},"end":{"line":308,"column":27}},"103":{"start":{"line":310,"column":8},"end":{"line":310,"column":66}},"104":{"start":{"line":311,"column":8},"end":{"line":311,"column":46}},"105":{"start":{"line":315,"column":22},"end":{"line":325,"column":1}},"106":{"start":{"line":316,"column":4},"end":{"line":324,"column":5}},"107":{"start":{"line":317,"column":8},"end":{"line":317,"column":77}},"108":{"start":{"line":318,"column":8},"end":{"line":318,"column":76}},"109":{"start":{"line":319,"column":8},"end":{"line":319,"column":109}},"110":{"start":{"line":320,"column":8},"end":{"line":320,"column":27}},"111":{"start":{"line":322,"column":8},"end":{"line":322,"column":53}},"112":{"start":{"line":323,"column":8},"end":{"line":323,"column":46}},"113":{"start":{"line":327,"column":0},"end":{"line":338,"column":2}}},"fnMap":{"0":{"name":"(anonymous_0)","decl":{"start":{"line":6,"column":19},"end":{"line":6,"column":20}},"loc":{"start":{"line":6,"column":39},"end":{"line":17,"column":1}},"line":6},"1":{"name":"(anonymous_1)","decl":{"start":{"line":19,"column":23},"end":{"line":19,"column":24}},"loc":{"start":{"line":19,"column":43},"end":{"line":26,"column":1}},"line":19},"2":{"name":"(anonymous_2)","decl":{"start":{"line":28,"column":27},"end":{"line":28,"column":28}},"loc":{"start":{"line":28,"column":47},"end":{"line":39,"column":1}},"line":28},"3":{"name":"(anonymous_3)","decl":{"start":{"line":41,"column":23},"end":{"line":41,"column":24}},"loc":{"start":{"line":41,"column":43},"end":{"line":95,"column":1}},"line":41},"4":{"name":"(anonymous_4)","decl":{"start":{"line":71,"column":59},"end":{"line":71,"column":60}},"loc":{"start":{"line":71,"column":70},"end":{"line":83,"column":17}},"line":71},"5":{"name":"(anonymous_5)","decl":{"start":{"line":97,"column":31},"end":{"line":97,"column":32}},"loc":{"start":{"line":97,"column":51},"end":{"line":126,"column":1}},"line":97},"6":{"name":"(anonymous_6)","decl":{"start":{"line":118,"column":36},"end":{"line":118,"column":37}},"loc":{"start":{"line":118,"column":44},"end":{"line":120,"column":9}},"line":118},"7":{"name":"(anonymous_7)","decl":{"start":{"line":168,"column":22},"end":{"line":168,"column":23}},"loc":{"start":{"line":168,"column":42},"end":{"line":198,"column":1}},"line":168},"8":{"name":"(anonymous_8)","decl":{"start":{"line":241,"column":22},"end":{"line":241,"column":23}},"loc":{"start":{"line":241,"column":42},"end":{"line":267,"column":1}},"line":241},"9":{"name":"(anonymous_9)","decl":{"start":{"line":269,"column":26},"end":{"line":269,"column":27}},"loc":{"start":{"line":269,"column":46},"end":{"line":291,"column":1}},"line":269},"10":{"name":"(anonymous_10)","decl":{"start":{"line":293,"column":23},"end":{"line":293,"column":24}},"loc":{"start":{"line":293,"column":43},"end":{"line":313,"column":1}},"line":293},"11":{"name":"(anonymous_11)","decl":{"start":{"line":298,"column":48},"end":{"line":298,"column":49}},"loc":{"start":{"line":298,"column":55},"end":{"line":298,"column":74}},"line":298},"12":{"name":"(anonymous_12)","decl":{"start":{"line":300,"column":28},"end":{"line":300,"column":29}},"loc":{"start":{"line":300,"column":35},"end":{"line":307,"column":9}},"line":300},"13":{"name":"(anonymous_13)","decl":{"start":{"line":315,"column":22},"end":{"line":315,"column":23}},"loc":{"start":{"line":315,"column":42},"end":{"line":325,"column":1}},"line":315}},"branchMap":{"0":{"loc":{"start":{"line":7,"column":3},"end":{"line":16,"column":4}},"type":"if","locations":[{"start":{"line":7,"column":3},"end":{"line":16,"column":4}},{"start":{"line":14,"column":10},"end":{"line":16,"column":4}}],"line":7},"1":{"loc":{"start":{"line":9,"column":7},"end":{"line":13,"column":8}},"type":"if","locations":[{"start":{"line":9,"column":7},"end":{"line":13,"column":8}},{"start":{"line":11,"column":14},"end":{"line":13,"column":8}}],"line":9},"2":{"loc":{"start":{"line":21,"column":4},"end":{"line":25,"column":5}},"type":"if","locations":[{"start":{"line":21,"column":4},"end":{"line":25,"column":5}},{"start":{"line":23,"column":11},"end":{"line":25,"column":5}}],"line":21},"3":{"loc":{"start":{"line":29,"column":4},"end":{"line":38,"column":5}},"type":"if","locations":[{"start":{"line":29,"column":4},"end":{"line":38,"column":5}},{"start":{"line":36,"column":11},"end":{"line":38,"column":5}}],"line":29},"4":{"loc":{"start":{"line":31,"column":8},"end":{"line":35,"column":9}},"type":"if","locations":[{"start":{"line":31,"column":8},"end":{"line":35,"column":9}},{"start":{"line":33,"column":15},"end":{"line":35,"column":9}}],"line":31},"5":{"loc":{"start":{"line":57,"column":8},"end":{"line":87,"column":9}},"type":"if","locations":[{"start":{"line":57,"column":8},"end":{"line":87,"column":9}},{"start":{"line":68,"column":15},"end":{"line":87,"column":9}}],"line":57},"6":{"loc":{"start":{"line":70,"column":12},"end":{"line":86,"column":13}},"type":"if","locations":[{"start":{"line":70,"column":12},"end":{"line":86,"column":13}},{"start":{},"end":{}}],"line":70},"7":{"loc":{"start":{"line":98,"column":4},"end":{"line":125,"column":5}},"type":"if","locations":[{"start":{"line":98,"column":4},"end":{"line":125,"column":5}},{"start":{"line":123,"column":11},"end":{"line":125,"column":5}}],"line":98},"8":{"loc":{"start":{"line":107,"column":12},"end":{"line":111,"column":13}},"type":"if","locations":[{"start":{"line":107,"column":12},"end":{"line":111,"column":13}},{"start":{"line":109,"column":19},"end":{"line":111,"column":13}}],"line":107},"9":{"loc":{"start":{"line":169,"column":25},"end":{"line":169,"column":149}},"type":"binary-expr","locations":[{"start":{"line":169,"column":25},"end":{"line":169,"column":40}},{"start":{"line":169,"column":44},"end":{"line":169,"column":58}},{"start":{"line":169,"column":62},"end":{"line":169,"column":82}},{"start":{"line":169,"column":86},"end":{"line":169,"column":110}},{"start":{"line":169,"column":114},"end":{"line":169,"column":129}},{"start":{"line":169,"column":133},"end":{"line":169,"column":149}}],"line":169},"10":{"loc":{"start":{"line":170,"column":4},"end":{"line":197,"column":5}},"type":"if","locations":[{"start":{"line":170,"column":4},"end":{"line":197,"column":5}},{"start":{"line":195,"column":11},"end":{"line":197,"column":5}}],"line":170},"11":{"loc":{"start":{"line":180,"column":8},"end":{"line":187,"column":9}},"type":"if","locations":[{"start":{"line":180,"column":8},"end":{"line":187,"column":9}},{"start":{},"end":{}}],"line":180},"12":{"loc":{"start":{"line":242,"column":4},"end":{"line":265,"column":5}},"type":"if","locations":[{"start":{"line":242,"column":4},"end":{"line":265,"column":5}},{"start":{"line":262,"column":11},"end":{"line":265,"column":5}}],"line":242},"13":{"loc":{"start":{"line":247,"column":8},"end":{"line":261,"column":9}},"type":"if","locations":[{"start":{"line":247,"column":8},"end":{"line":261,"column":9}},{"start":{"line":259,"column":13},"end":{"line":261,"column":9}}],"line":247},"14":{"loc":{"start":{"line":255,"column":12},"end":{"line":257,"column":13}},"type":"if","locations":[{"start":{"line":255,"column":12},"end":{"line":257,"column":13}},{"start":{},"end":{}}],"line":255},"15":{"loc":{"start":{"line":270,"column":4},"end":{"line":290,"column":5}},"type":"if","locations":[{"start":{"line":270,"column":4},"end":{"line":290,"column":5}},{"start":{"line":287,"column":11},"end":{"line":290,"column":5}}],"line":270},"16":{"loc":{"start":{"line":277,"column":12},"end":{"line":284,"column":13}},"type":"if","locations":[{"start":{"line":277,"column":12},"end":{"line":284,"column":13}},{"start":{},"end":{}}],"line":277},"17":{"loc":{"start":{"line":294,"column":4},"end":{"line":312,"column":5}},"type":"if","locations":[{"start":{"line":294,"column":4},"end":{"line":312,"column":5}},{"start":{"line":309,"column":11},"end":{"line":312,"column":5}}],"line":294},"18":{"loc":{"start":{"line":301,"column":12},"end":{"line":306,"column":13}},"type":"if","locations":[{"start":{"line":301,"column":12},"end":{"line":306,"column":13}},{"start":{},"end":{}}],"line":301},"19":{"loc":{"start":{"line":316,"column":4},"end":{"line":324,"column":5}},"type":"if","locations":[{"start":{"line":316,"column":4},"end":{"line":324,"column":5}},{"start":{"line":321,"column":11},"end":{"line":324,"column":5}}],"line":316}},"s":{"0":3,"1":3,"2":3,"3":3,"4":3,"5":0,"6":0,"7":0,"8":0,"9":0,"10":0,"11":3,"12":0,"13":0,"14":0,"15":0,"16":3,"17":0,"18":0,"19":0,"20":0,"21":0,"22":0,"23":3,"24":0,"25":0,"26":0,"27":0,"28":0,"29":0,"30":0,"31":0,"32":0,"33":0,"34":0,"35":0,"36":0,"37":0,"38":0,"39":0,"40":0,"41":0,"42":3,"43":0,"44":0,"45":0,"46":0,"47":0,"48":0,"49":0,"50":0,"51":0,"52":0,"53":0,"54":0,"55":0,"56":0,"57":0,"58":3,"59":2,"60":2,"61":1,"62":1,"63":1,"64":1,"65":1,"66":1,"67":1,"68":1,"69":1,"70":3,"71":0,"72":0,"73":0,"74":0,"75":0,"76":0,"77":0,"78":0,"79":0,"80":0,"81":0,"82":3,"83":0,"84":0,"85":0,"86":0,"87":0,"88":0,"89":0,"90":0,"91":0,"92":0,"93":3,"94":0,"95":0,"96":0,"97":0,"98":0,"99":0,"100":0,"101":0,"102":0,"103":0,"104":0,"105":3,"106":0,"107":0,"108":0,"109":0,"110":0,"111":0,"112":0,"113":3},"f":{"0":0,"1":0,"2":0,"3":0,"4":0,"5":0,"6":0,"7":2,"8":0,"9":0,"10":0,"11":0,"12":0,"13":0},"b":{"0":[0,0],"1":[0,0],"2":[0,0],"3":[0,0],"4":[0,0],"5":[0,0],"6":[0,0],"7":[0,0],"8":[0,0],"9":[2,2,2,2,2,1],"10":[1,1],"11":[1,0],"12":[0,0],"13":[0,0],"14":[0,0],"15":[0,0],"16":[0,0],"17":[0,0],"18":[0,0],"19":[0,0]},"_coverageSchema":"1a1c01bbd47fc00a2c39e90264f33305004495a9","hash":"faa0b8ed699238d384f5ed2c54ba36eb6560e19d"}
,"/Users/parthvikulkarni/Projects/CommUnity/backend/post_microservice/models/index.js": {"path":"/Users/parthvikulkarni/Projects/CommUnity/backend/post_microservice/models/index.js","statementMap":{"0":{"start":{"line":3,"column":18},"end":{"line":3,"column":38}},"1":{"start":{"line":4,"column":12},"end":{"line":4,"column":49}},"2":{"start":{"line":5,"column":15},"end":{"line":5,"column":55}},"3":{"start":{"line":6,"column":11},"end":{"line":6,"column":13}},"4":{"start":{"line":9,"column":71},"end":{"line":9,"column":87}},"5":{"start":{"line":11,"column":4},"end":{"line":11,"column":64}},"6":{"start":{"line":12,"column":4},"end":{"line":12,"column":66}},"7":{"start":{"line":14,"column":4},"end":{"line":14,"column":70}},"8":{"start":{"line":15,"column":4},"end":{"line":15,"column":71}},"9":{"start":{"line":19,"column":0},"end":{"line":41,"column":1}},"10":{"start":{"line":20,"column":2},"end":{"line":20,"column":74}},"11":{"start":{"line":22,"column":2},"end":{"line":40,"column":5}},"12":{"start":{"line":44,"column":23},"end":{"line":44,"column":85}},"13":{"start":{"line":45,"column":0},"end":{"line":45,"column":41}},"14":{"start":{"line":46,"column":27},"end":{"line":46,"column":93}},"15":{"start":{"line":47,"column":0},"end":{"line":47,"column":49}},"16":{"start":{"line":48,"column":25},"end":{"line":48,"column":89}},"17":{"start":{"line":49,"column":0},"end":{"line":49,"column":45}},"18":{"start":{"line":50,"column":29},"end":{"line":50,"column":97}},"19":{"start":{"line":51,"column":0},"end":{"line":51,"column":53}},"20":{"start":{"line":53,"column":0},"end":{"line":57,"column":3}},"21":{"start":{"line":54,"column":2},"end":{"line":56,"column":3}},"22":{"start":{"line":55,"column":4},"end":{"line":55,"column":32}},"23":{"start":{"line":59,"column":0},"end":{"line":59,"column":30}},"24":{"start":{"line":61,"column":0},"end":{"line":61,"column":25}},"25":{"start":{"line":62,"column":0},"end":{"line":62,"column":25}},"26":{"start":{"line":64,"column":0},"end":{"line":64,"column":20}}},"fnMap":{"0":{"name":"applyRelationships","decl":{"start":{"line":8,"column":9},"end":{"line":8,"column":27}},"loc":{"start":{"line":8,"column":39},"end":{"line":16,"column":1}},"line":8},"1":{"name":"(anonymous_1)","decl":{"start":{"line":53,"column":24},"end":{"line":53,"column":25}},"loc":{"start":{"line":53,"column":37},"end":{"line":57,"column":1}},"line":53}},"branchMap":{"0":{"loc":{"start":{"line":4,"column":12},"end":{"line":4,"column":49}},"type":"binary-expr","locations":[{"start":{"line":4,"column":12},"end":{"line":4,"column":32}},{"start":{"line":4,"column":36},"end":{"line":4,"column":49}}],"line":4},"1":{"loc":{"start":{"line":19,"column":0},"end":{"line":41,"column":1}},"type":"if","locations":[{"start":{"line":19,"column":0},"end":{"line":41,"column":1}},{"start":{"line":21,"column":7},"end":{"line":41,"column":1}}],"line":19},"2":{"loc":{"start":{"line":23,"column":10},"end":{"line":23,"column":41}},"type":"binary-expr","locations":[{"start":{"line":23,"column":10},"end":{"line":23,"column":26}},{"start":{"line":23,"column":30},"end":{"line":23,"column":41}}],"line":23},"3":{"loc":{"start":{"line":28,"column":20},"end":{"line":37,"column":5}},"type":"cond-expr","locations":[{"start":{"line":29,"column":4},"end":{"line":31,"column":5}},{"start":{"line":32,"column":4},"end":{"line":37,"column":5}}],"line":28},"4":{"loc":{"start":{"line":54,"column":2},"end":{"line":56,"column":3}},"type":"if","locations":[{"start":{"line":54,"column":2},"end":{"line":56,"column":3}},{"start":{},"end":{}}],"line":54}},"s":{"0":3,"1":3,"2":3,"3":3,"4":3,"5":3,"6":3,"7":3,"8":3,"9":3,"10":0,"11":3,"12":3,"13":3,"14":3,"15":3,"16":3,"17":3,"18":3,"19":3,"20":3,"21":12,"22":0,"23":3,"24":3,"25":3,"26":3},"f":{"0":3,"1":12},"b":{"0":[3,0],"1":[0,3],"2":[3,3],"3":[0,3],"4":[0,12]},"_coverageSchema":"1a1c01bbd47fc00a2c39e90264f33305004495a9","hash":"73e6138b1a97d62022abff131071cfa0c62b79f5"}
,"/Users/parthvikulkarni/Projects/CommUnity/backend/post_microservice/models/offerPostModel.js": {"path":"/Users/parthvikulkarni/Projects/CommUnity/backend/post_microservice/models/offerPostModel.js","statementMap":{"0":{"start":{"line":10,"column":25},"end":{"line":53,"column":1}},"1":{"start":{"line":11,"column":22},"end":{"line":50,"column":6}},"2":{"start":{"line":52,"column":4},"end":{"line":52,"column":21}},"3":{"start":{"line":55,"column":0},"end":{"line":55,"column":33}}},"fnMap":{"0":{"name":"(anonymous_0)","decl":{"start":{"line":10,"column":25},"end":{"line":10,"column":26}},"loc":{"start":{"line":10,"column":51},"end":{"line":53,"column":1}},"line":10}},"branchMap":{},"s":{"0":3,"1":3,"2":3,"3":3},"f":{"0":3},"b":{},"_coverageSchema":"1a1c01bbd47fc00a2c39e90264f33305004495a9","hash":"f5fb616bb6a491595b69aa4f9680b8e01cba1aa7"}
,"/Users/parthvikulkarni/Projects/CommUnity/backend/post_microservice/models/offerPostTagsModel.js": {"path":"/Users/parthvikulkarni/Projects/CommUnity/backend/post_microservice/models/offerPostTagsModel.js","statementMap":{"0":{"start":{"line":3,"column":22},"end":{"line":3,"column":49}},"1":{"start":{"line":5,"column":29},"end":{"line":25,"column":1}},"2":{"start":{"line":6,"column":26},"end":{"line":23,"column":6}},"3":{"start":{"line":16,"column":16},"end":{"line":16,"column":41}},"4":{"start":{"line":24,"column":4},"end":{"line":24,"column":25}},"5":{"start":{"line":28,"column":0},"end":{"line":28,"column":37}}},"fnMap":{"0":{"name":"(anonymous_0)","decl":{"start":{"line":5,"column":29},"end":{"line":5,"column":30}},"loc":{"start":{"line":5,"column":55},"end":{"line":25,"column":1}},"line":5},"1":{"name":"(anonymous_1)","decl":{"start":{"line":15,"column":17},"end":{"line":15,"column":18}},"loc":{"start":{"line":15,"column":28},"end":{"line":17,"column":13}},"line":15}},"branchMap":{},"s":{"0":3,"1":3,"2":3,"3":0,"4":3,"5":3},"f":{"0":3,"1":0},"b":{},"_coverageSchema":"1a1c01bbd47fc00a2c39e90264f33305004495a9","hash":"bc26ebb6661c55f198db78febe4253682c66dd84"}
,"/Users/parthvikulkarni/Projects/CommUnity/backend/post_microservice/models/requestPostModel.js": {"path":"/Users/parthvikulkarni/Projects/CommUnity/backend/post_microservice/models/requestPostModel.js","statementMap":{"0":{"start":{"line":10,"column":27},"end":{"line":41,"column":1}},"1":{"start":{"line":11,"column":24},"end":{"line":38,"column":6}},"2":{"start":{"line":40,"column":4},"end":{"line":40,"column":23}},"3":{"start":{"line":43,"column":0},"end":{"line":43,"column":35}}},"fnMap":{"0":{"name":"(anonymous_0)","decl":{"start":{"line":10,"column":27},"end":{"line":10,"column":28}},"loc":{"start":{"line":10,"column":53},"end":{"line":41,"column":1}},"line":10}},"branchMap":{},"s":{"0":3,"1":3,"2":3,"3":3},"f":{"0":3},"b":{},"_coverageSchema":"1a1c01bbd47fc00a2c39e90264f33305004495a9","hash":"c0c40f0565fdad9cfa6a012473241e8dd73fb322"}
,"/Users/parthvikulkarni/Projects/CommUnity/backend/post_microservice/models/requestPostTagsModel.js": {"path":"/Users/parthvikulkarni/Projects/CommUnity/backend/post_microservice/models/requestPostTagsModel.js","statementMap":{"0":{"start":{"line":3,"column":24},"end":{"line":3,"column":53}},"1":{"start":{"line":5,"column":31},"end":{"line":25,"column":1}},"2":{"start":{"line":6,"column":28},"end":{"line":23,"column":6}},"3":{"start":{"line":16,"column":16},"end":{"line":16,"column":45}},"4":{"start":{"line":24,"column":4},"end":{"line":24,"column":27}},"5":{"start":{"line":28,"column":0},"end":{"line":28,"column":39}}},"fnMap":{"0":{"name":"(anonymous_0)","decl":{"start":{"line":5,"column":31},"end":{"line":5,"column":32}},"loc":{"start":{"line":5,"column":57},"end":{"line":25,"column":1}},"line":5},"1":{"name":"(anonymous_1)","decl":{"start":{"line":15,"column":17},"end":{"line":15,"column":18}},"loc":{"start":{"line":15,"column":28},"end":{"line":17,"column":13}},"line":15}},"branchMap":{},"s":{"0":3,"1":3,"2":3,"3":0,"4":3,"5":3},"f":{"0":3,"1":0},"b":{},"_coverageSchema":"1a1c01bbd47fc00a2c39e90264f33305004495a9","hash":"5c27b7e84172a3300fb99e1683ec6fc89deb7c72"}
}
