TN:
SF:httpCodes.js
FNF:0
FNH:0
DA:1,3
LF:1
LH:1
BRF:0
BRH:0
end_of_record
TN:
SF:index.js
FN:14,verify
FN:29,(anonymous_1)
FN:53,(anonymous_2)
FNF:3
FNH:1
FNDA:0,verify
FNDA:64,(anonymous_1)
FNDA:0,(anonymous_2)
DA:1,3
DA:2,3
DA:3,3
DA:4,3
DA:5,3
DA:6,3
DA:7,3
DA:9,3
DA:11,3
DA:12,3
DA:13,3
DA:15,0
DA:19,0
DA:20,0
DA:21,0
DA:24,3
DA:26,3
DA:28,3
DA:29,3
DA:30,64
DA:31,64
DA:32,64
DA:33,64
DA:35,0
DA:36,0
DA:37,0
DA:38,0
DA:40,0
DA:44,3
DA:49,3
DA:50,0
DA:52,0
DA:53,0
DA:54,0
DA:59,3
LF:35
LH:22
BRDA:31,0,0,64
BRDA:31,0,1,0
BRDA:31,1,0,64
BRDA:31,1,1,64
BRDA:49,2,0,0
BRDA:49,2,1,3
BRDA:52,3,0,0
BRDA:52,3,1,0
BRF:8
BRH:4
end_of_record
TN:
SF:routes.js
FNF:0
FNH:0
DA:1,3
DA:3,3
DA:4,3
DA:6,3
DA:9,3
DA:10,3
DA:11,3
DA:12,3
DA:13,3
DA:14,3
DA:15,3
DA:16,3
DA:17,3
DA:18,3
DA:22,3
DA:23,3
DA:24,3
DA:25,3
DA:26,3
DA:27,3
DA:28,3
DA:29,3
DA:30,3
DA:31,3
DA:33,3
LF:25
LH:25
BRF:0
BRH:0
end_of_record
TN:
SF:controllers/offerPostController.js
FN:6,(anonymous_0)
FN:19,(anonymous_1)
FN:28,(anonymous_2)
FN:41,(anonymous_3)
FN:70,(anonymous_4)
FN:100,(anonymous_5)
FN:121,(anonymous_6)
FN:131,(anonymous_7)
FN:171,(anonymous_8)
FN:192,(anonymous_9)
FN:199,(anonymous_10)
FN:214,(anonymous_11)
FN:242,(anonymous_12)
FNF:13
FNH:12
FNDA:4,(anonymous_0)
FNDA:4,(anonymous_1)
FNDA:6,(anonymous_2)
FNDA:4,(anonymous_3)
FNDA:2,(anonymous_4)
FNDA:6,(anonymous_5)
FNDA:4,(anonymous_6)
FNDA:4,(anonymous_7)
FNDA:5,(anonymous_8)
FNDA:4,(anonymous_9)
FNDA:1,(anonymous_10)
FNDA:0,(anonymous_11)
FNDA:2,(anonymous_12)
DA:1,3
DA:2,3
DA:3,3
DA:4,3
DA:6,3
DA:7,4
DA:8,4
DA:9,4
DA:10,2
DA:12,2
DA:15,0
DA:19,3
DA:20,4
DA:21,4
DA:22,2
DA:24,2
DA:28,3
DA:29,6
DA:30,6
DA:31,6
DA:32,2
DA:34,4
DA:37,0
DA:41,3
DA:42,4
DA:43,4
DA:44,4
DA:45,4
DA:52,4
DA:53,2
DA:54,2
DA:68,2
DA:69,2
DA:70,2
DA:71,2
DA:72,2
DA:73,2
DA:85,2
DA:88,2
DA:92,4
DA:95,0
DA:96,0
DA:100,3
DA:101,6
DA:102,4
DA:103,4
DA:107,4
DA:108,4
DA:109,4
DA:110,4
DA:111,0
DA:113,4
DA:117,4
DA:121,4
DA:122,4
DA:125,4
DA:127,2
DA:131,3
DA:132,4
DA:133,4
DA:134,4
DA:135,4
DA:136,1
DA:147,1
DA:148,1
DA:149,1
DA:150,1
DA:157,1
DA:163,1
DA:164,1
DA:167,3
DA:171,3
DA:172,5
DA:173,5
DA:174,5
DA:175,5
DA:176,5
DA:177,3
DA:178,4
DA:185,3
DA:188,2
DA:192,3
DA:193,4
DA:194,4
DA:195,4
DA:196,4
DA:197,3
DA:198,3
DA:199,1
DA:200,1
DA:205,1
DA:207,2
DA:210,1
DA:214,3
DA:215,0
DA:216,0
DA:217,0
DA:218,0
DA:219,0
DA:229,0
DA:230,0
DA:232,0
DA:234,0
DA:237,0
DA:238,0
DA:242,3
DA:243,2
DA:244,2
DA:245,2
DA:246,2
DA:247,1
DA:252,1
DA:257,1
DA:258,1
DA:260,1
DA:264,3
LF:116
LH:100
BRDA:7,0,0,4
BRDA:7,0,1,0
BRDA:9,1,0,2
BRDA:9,1,1,2
BRDA:21,2,0,2
BRDA:21,2,1,2
BRDA:29,3,0,6
BRDA:29,3,1,0
BRDA:31,4,0,2
BRDA:31,4,1,4
BRDA:52,5,0,2
BRDA:52,5,1,2
BRDA:69,6,0,2
BRDA:69,6,1,0
BRDA:101,7,0,4
BRDA:101,7,1,2
BRDA:110,8,0,0
BRDA:110,8,1,4
BRDA:132,9,0,4
BRDA:132,9,1,4
BRDA:132,9,2,4
BRDA:132,9,3,4
BRDA:132,9,4,4
BRDA:132,9,5,4
BRDA:132,9,6,4
BRDA:132,9,7,4
BRDA:132,9,8,4
BRDA:135,10,0,1
BRDA:135,10,1,3
BRDA:135,11,0,4
BRDA:135,11,1,3
BRDA:135,11,2,2
BRDA:148,12,0,1
BRDA:148,12,1,0
BRDA:174,13,0,5
BRDA:174,13,1,4
BRDA:176,14,0,3
BRDA:176,14,1,2
BRDA:176,15,0,5
BRDA:176,15,1,5
BRDA:195,16,0,4
BRDA:195,16,1,4
BRDA:196,17,0,3
BRDA:196,17,1,1
BRDA:197,18,0,3
BRDA:197,18,1,2
BRDA:197,18,2,2
BRDA:198,19,0,1
BRDA:198,19,1,2
BRDA:215,20,0,0
BRDA:215,20,1,0
BRDA:218,21,0,0
BRDA:218,21,1,0
BRDA:229,22,0,0
BRDA:229,22,1,0
BRDA:246,23,0,1
BRDA:246,23,1,1
BRDA:246,24,0,2
BRDA:246,24,1,1
BRF:59
BRH:48
end_of_record
TN:
SF:controllers/requestPostController.js
FN:6,(anonymous_0)
FN:19,(anonymous_1)
FN:28,(anonymous_2)
FN:41,(anonymous_3)
FN:72,(anonymous_4)
FN:99,(anonymous_5)
FN:120,(anonymous_6)
FN:130,(anonymous_7)
FN:162,(anonymous_8)
FN:190,(anonymous_9)
FN:211,(anonymous_10)
FN:218,(anonymous_11)
FN:233,(anonymous_12)
FNF:13
FNH:12
FNDA:2,(anonymous_0)
FNDA:2,(anonymous_1)
FNDA:3,(anonymous_2)
FNDA:2,(anonymous_3)
FNDA:1,(anonymous_4)
FNDA:3,(anonymous_5)
FNDA:2,(anonymous_6)
FNDA:2,(anonymous_7)
FNDA:0,(anonymous_8)
FNDA:5,(anonymous_9)
FNDA:4,(anonymous_10)
FNDA:1,(anonymous_11)
FNDA:2,(anonymous_12)
DA:1,3
DA:2,3
DA:3,3
DA:4,3
DA:6,3
DA:7,2
DA:8,2
DA:9,2
DA:10,1
DA:12,1
DA:15,0
DA:19,3
DA:20,2
DA:21,2
DA:22,1
DA:24,1
DA:28,3
DA:29,3
DA:30,3
DA:31,3
DA:32,1
DA:34,2
DA:37,0
DA:41,3
DA:42,2
DA:43,2
DA:44,2
DA:46,2
DA:57,2
DA:58,1
DA:59,1
DA:70,1
DA:71,1
DA:72,1
DA:73,1
DA:75,1
DA:76,1
DA:87,1
DA:91,2
DA:94,0
DA:95,0
DA:99,3
DA:100,3
DA:101,2
DA:102,2
DA:106,2
DA:107,2
DA:108,2
DA:109,2
DA:110,0
DA:112,2
DA:116,2
DA:120,2
DA:121,2
DA:124,2
DA:126,1
DA:130,3
DA:131,2
DA:132,2
DA:133,1
DA:141,1
DA:142,1
DA:143,1
DA:144,1
DA:150,1
DA:155,1
DA:156,1
DA:158,1
DA:162,3
DA:163,0
DA:164,0
DA:167,0
DA:168,0
DA:169,0
DA:176,0
DA:177,0
DA:179,0
DA:181,0
DA:184,0
DA:185,0
DA:190,3
DA:191,5
DA:192,5
DA:193,5
DA:194,5
DA:195,5
DA:196,3
DA:197,4
DA:204,3
DA:207,2
DA:211,3
DA:212,4
DA:213,4
DA:214,4
DA:215,4
DA:216,3
DA:217,3
DA:218,1
DA:219,1
DA:224,1
DA:226,2
DA:229,1
DA:233,3
DA:234,2
DA:235,2
DA:236,2
DA:237,2
DA:238,1
DA:243,1
DA:248,1
DA:249,1
DA:251,1
DA:255,3
LF:113
LH:97
BRDA:7,0,0,2
BRDA:7,0,1,0
BRDA:9,1,0,1
BRDA:9,1,1,1
BRDA:21,2,0,1
BRDA:21,2,1,1
BRDA:29,3,0,3
BRDA:29,3,1,0
BRDA:31,4,0,1
BRDA:31,4,1,2
BRDA:57,5,0,1
BRDA:57,5,1,1
BRDA:71,6,0,1
BRDA:71,6,1,0
BRDA:100,7,0,2
BRDA:100,7,1,1
BRDA:109,8,0,0
BRDA:109,8,1,2
BRDA:131,9,0,2
BRDA:131,9,1,2
BRDA:131,9,2,2
BRDA:131,9,3,2
BRDA:131,9,4,2
BRDA:131,9,5,1
BRDA:132,10,0,1
BRDA:132,10,1,1
BRDA:142,11,0,1
BRDA:142,11,1,0
BRDA:163,12,0,0
BRDA:163,12,1,0
BRDA:168,13,0,0
BRDA:168,13,1,0
BRDA:176,14,0,0
BRDA:176,14,1,0
BRDA:193,15,0,5
BRDA:193,15,1,4
BRDA:195,16,0,3
BRDA:195,16,1,2
BRDA:195,17,0,5
BRDA:195,17,1,5
BRDA:214,18,0,4
BRDA:214,18,1,4
BRDA:215,19,0,3
BRDA:215,19,1,1
BRDA:216,20,0,3
BRDA:216,20,1,2
BRDA:216,20,2,2
BRDA:217,21,0,1
BRDA:217,21,1,2
BRDA:237,22,0,1
BRDA:237,22,1,1
BRDA:237,23,0,2
BRDA:237,23,1,1
BRF:53
BRH:42
end_of_record
TN:
SF:models/index.js
FN:8,applyRelationships
FN:53,(anonymous_1)
FNF:2
FNH:2
FNDA:3,applyRelationships
FNDA:12,(anonymous_1)
DA:3,3
DA:4,3
DA:5,3
DA:6,3
DA:9,3
DA:11,3
DA:12,3
DA:14,3
DA:15,3
DA:19,3
DA:20,0
DA:22,3
DA:44,3
DA:45,3
DA:46,3
DA:47,3
DA:48,3
DA:49,3
DA:50,3
DA:51,3
DA:53,3
DA:54,12
DA:55,0
DA:59,3
DA:61,3
DA:62,3
DA:64,3
LF:27
LH:25
BRDA:4,0,0,3
BRDA:4,0,1,0
BRDA:19,1,0,0
BRDA:19,1,1,3
BRDA:23,2,0,3
BRDA:23,2,1,3
BRDA:28,3,0,0
BRDA:28,3,1,3
BRDA:54,4,0,0
BRDA:54,4,1,12
BRF:10
BRH:6
end_of_record
TN:
SF:models/offerPostModel.js
FN:10,(anonymous_0)
FNF:1
FNH:1
FNDA:3,(anonymous_0)
DA:10,3
DA:11,3
DA:52,3
DA:55,3
LF:4
LH:4
BRF:0
BRH:0
end_of_record
TN:
SF:models/offerPostTagsModel.js
FN:5,(anonymous_0)
FN:15,(anonymous_1)
FNF:2
FNH:1
FNDA:3,(anonymous_0)
FNDA:0,(anonymous_1)
DA:3,3
DA:5,3
DA:6,3
DA:16,0
DA:24,3
DA:28,3
LF:6
LH:5
BRF:0
BRH:0
end_of_record
TN:
SF:models/requestPostModel.js
FN:10,(anonymous_0)
FNF:1
FNH:1
FNDA:3,(anonymous_0)
DA:10,3
DA:11,3
DA:40,3
DA:43,3
LF:4
LH:4
BRF:0
BRH:0
end_of_record
TN:
SF:models/requestPostTagsModel.js
FN:5,(anonymous_0)
FN:15,(anonymous_1)
FNF:2
FNH:1
FNDA:3,(anonymous_0)
FNDA:0,(anonymous_1)
DA:3,3
DA:5,3
DA:6,3
DA:16,0
DA:24,3
DA:28,3
LF:6
LH:5
BRF:0
BRH:0
end_of_record
